<?xml version="1.0" encoding="UTF-8"?>
<!-- Generated by org.testng.reporters.JUnitReportReporter -->
<testsuite skipped="5" hostname="DESKTOP-63F488G" name="com.crm.qa.testcases.ContactsPageTest" tests="6" failures="0" timestamp="2020-04-14T12:29:45 IST" time="41.967" errors="1">
  <testcase name="setup" time="41.967" classname="com.crm.qa.testcases.ContactsPageTest">
    <error type="java.lang.StackOverflowError">
      <![CDATA[java.lang.StackOverflowError
at java.util.concurrent.ConcurrentHashMap.get(ConcurrentHashMap.java:936)
at java.util.Currency.getInstance(Currency.java:318)
at java.util.Currency.getInstance(Currency.java:399)
at java.text.DecimalFormatSymbols.initialize(DecimalFormatSymbols.java:638)
at java.text.DecimalFormatSymbols.<init>(DecimalFormatSymbols.java:113)
at sun.util.locale.provider.DecimalFormatSymbolsProviderImpl.getInstance(DecimalFormatSymbolsProviderImpl.java:85)
at java.text.DecimalFormatSymbols.getInstance(DecimalFormatSymbols.java:180)
at java.util.Formatter.getZero(Formatter.java:2283)
at java.util.Formatter.<init>(Formatter.java:1892)
at java.util.Formatter.<init>(Formatter.java:1914)
at java.lang.String.format(String.java:2940)
at org.openqa.selenium.WebDriverException.getSystemInformation(WebDriverException.java:146)
at org.openqa.selenium.WebDriverException.createMessage(WebDriverException.java:141)
at org.openqa.selenium.WebDriverException.getMessage(WebDriverException.java:131)
at java.lang.Throwable.getLocalizedMessage(Throwable.java:392)
at java.lang.Throwable.toString(Throwable.java:481)
at java.lang.String.valueOf(String.java:2994)
at java.lang.StringBuilder.append(StringBuilder.java:131)
at com.crm.qa.util.WebEventListener.onException(WebEventListener.java:63)
at sun.reflect.GeneratedMethodAccessor1.invoke(Unknown Source)
at sun.reflect.DelegatingMethodAccessorImpl.invoke(DelegatingMethodAccessorImpl.java:43)
at java.lang.reflect.Method.invoke(Method.java:498)
at org.openqa.selenium.support.events.EventFiringWebDriver.lambda$new$0(EventFiringWebDriver.java:84)
at com.sun.proxy.$Proxy7.onException(Unknown Source)
at org.openqa.selenium.support.events.EventFiringWebDriver.lambda$new$1(EventFiringWebDriver.java:107)
at com.sun.proxy.$Proxy8.getScreenshotAs(Unknown Source)
at org.openqa.selenium.support.events.EventFiringWebDriver.getScreenshotAs(EventFiringWebDriver.java:302)
at com.crm.qa.util.TestUtil.takeScreenshotAtEndOfTest(TestUtil.java:44)
at com.crm.qa.util.WebEventListener.onException(WebEventListener.java:65)
at sun.reflect.GeneratedMethodAccessor1.invoke(Unknown Source)
at sun.reflect.DelegatingMethodAccessorImpl.invoke(DelegatingMethodAccessorImpl.java:43)
at java.lang.reflect.Method.invoke(Method.java:498)
at org.openqa.selenium.support.events.EventFiringWebDriver.lambda$new$0(EventFiringWebDriver.java:84)
at com.sun.proxy.$Proxy7.onException(Unknown Source)
at org.openqa.selenium.support.events.EventFiringWebDriver.lambda$new$1(EventFiringWebDriver.java:107)
at com.sun.proxy.$Proxy8.getScreenshotAs(Unknown Source)
at org.openqa.selenium.support.events.EventFiringWebDriver.getScreenshotAs(EventFiringWebDriver.java:302)
at com.crm.qa.util.TestUtil.takeScreenshotAtEndOfTest(TestUtil.java:44)
at com.crm.qa.util.WebEventListener.onException(WebEventListener.java:65)
at sun.reflect.GeneratedMethodAccessor1.invoke(Unknown Source)
at sun.reflect.DelegatingMethodAccessorImpl.invoke(DelegatingMethodAccessorImpl.java:43)
at java.lang.reflect.Method.invoke(Method.java:498)
at org.openqa.selenium.support.events.EventFiringWebDriver.lambda$new$0(EventFiringWebDriver.java:84)
at com.sun.proxy.$Proxy7.onException(Unknown Source)
at org.openqa.selenium.support.events.EventFiringWebDriver.lambda$new$1(EventFiringWebDriver.java:107)
at com.sun.proxy.$Proxy8.getScreenshotAs(Unknown Source)
at org.openqa.selenium.support.events.EventFiringWebDriver.getScreenshotAs(EventFiringWebDriver.java:302)
at com.crm.qa.util.TestUtil.takeScreenshotAtEndOfTest(TestUtil.java:44)
at com.crm.qa.util.WebEventListener.onException(WebEventListener.java:65)
at sun.reflect.GeneratedMethodAccessor1.invoke(Unknown Source)
at sun.reflect.DelegatingMethodAccessorImpl.invoke(DelegatingMethodAccessorImpl.java:43)
at java.lang.reflect.Method.invoke(Method.java:498)
at org.openqa.selenium.support.events.EventFiringWebDriver.lambda$new$0(EventFiringWebDriver.java:84)
at com.sun.proxy.$Proxy7.onException(Unknown Source)
at org.openqa.selenium.support.events.EventFiringWebDriver.lambda$new$1(EventFiringWebDriver.java:107)
at com.sun.proxy.$Proxy8.getScreenshotAs(Unknown Source)
at org.openqa.selenium.support.events.EventFiringWebDriver.getScreenshotAs(EventFiringWebDriver.java:302)
at com.crm.qa.util.TestUtil.takeScreenshotAtEndOfTest(TestUtil.java:44)
at com.crm.qa.util.WebEventListener.onException(WebEventListener.java:65)
at sun.reflect.GeneratedMethodAccessor1.invoke(Unknown Source)
at sun.reflect.DelegatingMethodAccessorImpl.invoke(DelegatingMethodAccessorImpl.java:43)
at java.lang.reflect.Method.invoke(Method.java:498)
at org.openqa.selenium.support.events.EventFiringWebDriver.lambda$new$0(EventFiringWebDriver.java:84)
at com.sun.proxy.$Proxy7.onException(Unknown Source)
at org.openqa.selenium.support.events.EventFiringWebDriver.lambda$new$1(EventFiringWebDriver.java:107)
at com.sun.proxy.$Proxy8.getScreenshotAs(Unknown Source)
at org.openqa.selenium.support.events.EventFiringWebDriver.getScreenshotAs(EventFiringWebDriver.java:302)
at com.crm.qa.util.TestUtil.takeScreenshotAtEndOfTest(TestUtil.java:44)
at com.crm.qa.util.WebEventListener.onException(WebEventListener.java:65)
at sun.reflect.GeneratedMethodAccessor1.invoke(Unknown Source)
at sun.reflect.DelegatingMethodAccessorImpl.invoke(DelegatingMethodAccessorImpl.java:43)
at java.lang.reflect.Method.invoke(Method.java:498)
at org.openqa.selenium.support.events.EventFiringWebDriver.lambda$new$0(EventFiringWebDriver.java:84)
at com.sun.proxy.$Proxy7.onException(Unknown Source)
at org.openqa.selenium.support.events.EventFiringWebDriver.lambda$new$1(EventFiringWebDriver.java:107)
at com.sun.proxy.$Proxy8.getScreenshotAs(Unknown Source)
at org.openqa.selenium.support.events.EventFiringWebDriver.getScreenshotAs(EventFiringWebDriver.java:302)
at com.crm.qa.util.TestUtil.takeScreenshotAtEndOfTest(TestUtil.java:44)
at com.crm.qa.util.WebEventListener.onException(WebEventListener.java:65)
at sun.reflect.GeneratedMethodAccessor1.invoke(Unknown Source)
at sun.reflect.DelegatingMethodAccessorImpl.invoke(DelegatingMethodAccessorImpl.java:43)
at java.lang.reflect.Method.invoke(Method.java:498)
at org.openqa.selenium.support.events.EventFiringWebDriver.lambda$new$0(EventFiringWebDriver.java:84)
at com.sun.proxy.$Proxy7.onException(Unknown Source)
at org.openqa.selenium.support.events.EventFiringWebDriver.lambda$new$1(EventFiringWebDriver.java:107)
at com.sun.proxy.$Proxy8.getScreenshotAs(Unknown Source)
at org.openqa.selenium.support.events.EventFiringWebDriver.getScreenshotAs(EventFiringWebDriver.java:302)
at com.crm.qa.util.TestUtil.takeScreenshotAtEndOfTest(TestUtil.java:44)
at com.crm.qa.util.WebEventListener.onException(WebEventListener.java:65)
at sun.reflect.GeneratedMethodAccessor1.invoke(Unknown Source)
at sun.reflect.DelegatingMethodAccessorImpl.invoke(DelegatingMethodAccessorImpl.java:43)
at java.lang.reflect.Method.invoke(Method.java:498)
at org.openqa.selenium.support.events.EventFiringWebDriver.lambda$new$0(EventFiringWebDriver.java:84)
at com.sun.proxy.$Proxy7.onException(Unknown Source)
at org.openqa.selenium.support.events.EventFiringWebDriver.lambda$new$1(EventFiringWebDriver.java:107)
at com.sun.proxy.$Proxy8.getScreenshotAs(Unknown Source)
at org.openqa.selenium.support.events.EventFiringWebDriver.getScreenshotAs(EventFiringWebDriver.java:302)
at com.crm.qa.util.TestUtil.takeScreenshotAtEndOfTest(TestUtil.java:44)
at com.crm.qa.util.WebEventListener.onException(WebEventListener.java:65)
at sun.reflect.GeneratedMethodAccessor1.invoke(Unknown Source)
at sun.reflect.DelegatingMethodAccessorImpl.invoke(DelegatingMethodAccessorImpl.java:43)
at java.lang.reflect.Method.invoke(Method.java:498)
at org.openqa.selenium.support.events.EventFiringWebDriver.lambda$new$0(EventFiringWebDriver.java:84)
at com.sun.proxy.$Proxy7.onException(Unknown Source)
at org.openqa.selenium.support.events.EventFiringWebDriver.lambda$new$1(EventFiringWebDriver.java:107)
at com.sun.proxy.$Proxy8.getScreenshotAs(Unknown Source)
at org.openqa.selenium.support.events.EventFiringWebDriver.getScreenshotAs(EventFiringWebDriver.java:302)
at com.crm.qa.util.TestUtil.takeScreenshotAtEndOfTest(TestUtil.java:44)
at com.crm.qa.util.WebEventListener.onException(WebEventListener.java:65)
at sun.reflect.GeneratedMethodAccessor1.invoke(Unknown Source)
at sun.reflect.DelegatingMethodAccessorImpl.invoke(DelegatingMethodAccessorImpl.java:43)
at java.lang.reflect.Method.invoke(Method.java:498)
at org.openqa.selenium.support.events.EventFiringWebDriver.lambda$new$0(EventFiringWebDriver.java:84)
at com.sun.proxy.$Proxy7.onException(Unknown Source)
at org.openqa.selenium.support.events.EventFiringWebDriver.lambda$new$1(EventFiringWebDriver.java:107)
at com.sun.proxy.$Proxy8.getScreenshotAs(Unknown Source)
at org.openqa.selenium.support.events.EventFiringWebDriver.getScreenshotAs(EventFiringWebDriver.java:302)
at com.crm.qa.util.TestUtil.takeScreenshotAtEndOfTest(TestUtil.java:44)
at com.crm.qa.util.WebEventListener.onException(WebEventListener.java:65)
at sun.reflect.GeneratedMethodAccessor1.invoke(Unknown Source)
at sun.reflect.DelegatingMethodAccessorImpl.invoke(DelegatingMethodAccessorImpl.java:43)
at java.lang.reflect.Method.invoke(Method.java:498)
at org.openqa.selenium.support.events.EventFiringWebDriver.lambda$new$0(EventFiringWebDriver.java:84)
at com.sun.proxy.$Proxy7.onException(Unknown Source)
at org.openqa.selenium.support.events.EventFiringWebDriver.lambda$new$1(EventFiringWebDriver.java:107)
at com.sun.proxy.$Proxy8.getScreenshotAs(Unknown Source)
at org.openqa.selenium.support.events.EventFiringWebDriver.getScreenshotAs(EventFiringWebDriver.java:302)
at com.crm.qa.util.TestUtil.takeScreenshotAtEndOfTest(TestUtil.java:44)
at com.crm.qa.util.WebEventListener.onException(WebEventListener.java:65)
at sun.reflect.GeneratedMethodAccessor1.invoke(Unknown Source)
at sun.reflect.DelegatingMethodAccessorImpl.invoke(DelegatingMethodAccessorImpl.java:43)
at java.lang.reflect.Method.invoke(Method.java:498)
at org.openqa.selenium.support.events.EventFiringWebDriver.lambda$new$0(EventFiringWebDriver.java:84)
at com.sun.proxy.$Proxy7.onException(Unknown Source)
at org.openqa.selenium.support.events.EventFiringWebDriver.lambda$new$1(EventFiringWebDriver.java:107)
at com.sun.proxy.$Proxy8.getScreenshotAs(Unknown Source)
at org.openqa.selenium.support.events.EventFiringWebDriver.getScreenshotAs(EventFiringWebDriver.java:302)
at com.crm.qa.util.TestUtil.takeScreenshotAtEndOfTest(TestUtil.java:44)
at com.crm.qa.util.WebEventListener.onException(WebEventListener.java:65)
at sun.reflect.GeneratedMethodAccessor1.invoke(Unknown Source)
at sun.reflect.DelegatingMethodAccessorImpl.invoke(DelegatingMethodAccessorImpl.java:43)
at java.lang.reflect.Method.invoke(Method.java:498)
at org.openqa.selenium.support.events.EventFiringWebDriver.lambda$new$0(EventFiringWebDriver.java:84)
at com.sun.proxy.$Proxy7.onException(Unknown Source)
at org.openqa.selenium.support.events.EventFiringWebDriver.lambda$new$1(EventFiringWebDriver.java:107)
at com.sun.proxy.$Proxy8.getScreenshotAs(Unknown Source)
at org.openqa.selenium.support.events.EventFiringWebDriver.getScreenshotAs(EventFiringWebDriver.java:302)
at com.crm.qa.util.TestUtil.takeScreenshotAtEndOfTest(TestUtil.java:44)
at com.crm.qa.util.WebEventListener.onException(WebEventListener.java:65)
at sun.reflect.GeneratedMethodAccessor1.invoke(Unknown Source)
at sun.reflect.DelegatingMethodAccessorImpl.invoke(DelegatingMethodAccessorImpl.java:43)
at java.lang.reflect.Method.invoke(Method.java:498)
at org.openqa.selenium.support.events.EventFiringWebDriver.lambda$new$0(EventFiringWebDriver.java:84)
at com.sun.proxy.$Proxy7.onException(Unknown Source)
at org.openqa.selenium.support.events.EventFiringWebDriver.lambda$new$1(EventFiringWebDriver.java:107)
at com.sun.proxy.$Proxy8.getScreenshotAs(Unknown Source)
at org.openqa.selenium.support.events.EventFiringWebDriver.getScreenshotAs(EventFiringWebDriver.java:302)
at com.crm.qa.util.TestUtil.takeScreenshotAtEndOfTest(TestUtil.java:44)
at com.crm.qa.util.WebEventListener.onException(WebEventListener.java:65)
at sun.reflect.GeneratedMethodAccessor1.invoke(Unknown Source)
at sun.reflect.DelegatingMethodAccessorImpl.invoke(DelegatingMethodAccessorImpl.java:43)
at java.lang.reflect.Method.invoke(Method.java:498)
at org.openqa.selenium.support.events.EventFiringWebDriver.lambda$new$0(EventFiringWebDriver.java:84)
at com.sun.proxy.$Proxy7.onException(Unknown Source)
at org.openqa.selenium.support.events.EventFiringWebDriver.lambda$new$1(EventFiringWebDriver.java:107)
at com.sun.proxy.$Proxy8.getScreenshotAs(Unknown Source)
at org.openqa.selenium.support.events.EventFiringWebDriver.getScreenshotAs(EventFiringWebDriver.java:302)
at com.crm.qa.util.TestUtil.takeScreenshotAtEndOfTest(TestUtil.java:44)
at com.crm.qa.util.WebEventListener.onException(WebEventListener.java:65)
at sun.reflect.GeneratedMethodAccessor1.invoke(Unknown Source)
at sun.reflect.DelegatingMethodAccessorImpl.invoke(DelegatingMethodAccessorImpl.java:43)
at java.lang.reflect.Method.invoke(Method.java:498)
at org.openqa.selenium.support.events.EventFiringWebDriver.lambda$new$0(EventFiringWebDriver.java:84)
at com.sun.proxy.$Proxy7.onException(Unknown Source)
at org.openqa.selenium.support.events.EventFiringWebDriver.lambda$new$1(EventFiringWebDriver.java:107)
at com.sun.proxy.$Proxy8.getScreenshotAs(Unknown Source)
at org.openqa.selenium.support.events.EventFiringWebDriver.getScreenshotAs(EventFiringWebDriver.java:302)
at com.crm.qa.util.TestUtil.takeScreenshotAtEndOfTest(TestUtil.java:44)
at com.crm.qa.util.WebEventListener.onException(WebEventListener.java:65)
at sun.reflect.GeneratedMethodAccessor1.invoke(Unknown Source)
at sun.reflect.DelegatingMethodAccessorImpl.invoke(DelegatingMethodAccessorImpl.java:43)
at java.lang.reflect.Method.invoke(Method.java:498)
at org.openqa.selenium.support.events.EventFiringWebDriver.lambda$new$0(EventFiringWebDriver.java:84)
at com.sun.proxy.$Proxy7.onException(Unknown Source)
at org.openqa.selenium.support.events.EventFiringWebDriver.lambda$new$1(EventFiringWebDriver.java:107)
at com.sun.proxy.$Proxy8.getScreenshotAs(Unknown Source)
at org.openqa.selenium.support.events.EventFiringWebDriver.getScreenshotAs(EventFiringWebDriver.java:302)
at com.crm.qa.util.TestUtil.takeScreenshotAtEndOfTest(TestUtil.java:44)
at com.crm.qa.util.WebEventListener.onException(WebEventListener.java:65)
at sun.reflect.GeneratedMethodAccessor1.invoke(Unknown Source)
at sun.reflect.DelegatingMethodAccessorImpl.invoke(DelegatingMethodAccessorImpl.java:43)
at java.lang.reflect.Method.invoke(Method.java:498)
at org.openqa.selenium.support.events.EventFiringWebDriver.lambda$new$0(EventFiringWebDriver.java:84)
at com.sun.proxy.$Proxy7.onException(Unknown Source)
at org.openqa.selenium.support.events.EventFiringWebDriver.lambda$new$1(EventFiringWebDriver.java:107)
at com.sun.proxy.$Proxy8.getScreenshotAs(Unknown Source)
at org.openqa.selenium.support.events.EventFiringWebDriver.getScreenshotAs(EventFiringWebDriver.java:302)
at com.crm.qa.util.TestUtil.takeScreenshotAtEndOfTest(TestUtil.java:44)
at com.crm.qa.util.WebEventListener.onException(WebEventListener.java:65)
at sun.reflect.GeneratedMethodAccessor1.invoke(Unknown Source)
at sun.reflect.DelegatingMethodAccessorImpl.invoke(DelegatingMethodAccessorImpl.java:43)
at java.lang.reflect.Method.invoke(Method.java:498)
at org.openqa.selenium.support.events.EventFiringWebDriver.lambda$new$0(EventFiringWebDriver.java:84)
at com.sun.proxy.$Proxy7.onException(Unknown Source)
at org.openqa.selenium.support.events.EventFiringWebDriver.lambda$new$1(EventFiringWebDriver.java:107)
at com.sun.proxy.$Proxy8.getScreenshotAs(Unknown Source)
at org.openqa.selenium.support.events.EventFiringWebDriver.getScreenshotAs(EventFiringWebDriver.java:302)
at com.crm.qa.util.TestUtil.takeScreenshotAtEndOfTest(TestUtil.java:44)
at com.crm.qa.util.WebEventListener.onException(WebEventListener.java:65)
at sun.reflect.GeneratedMethodAccessor1.invoke(Unknown Source)
at sun.reflect.DelegatingMethodAccessorImpl.invoke(DelegatingMethodAccessorImpl.java:43)
at java.lang.reflect.Method.invoke(Method.java:498)
at org.openqa.selenium.support.events.EventFiringWebDriver.lambda$new$0(EventFiringWebDriver.java:84)
at com.sun.proxy.$Proxy7.onException(Unknown Source)
at org.openqa.selenium.support.events.EventFiringWebDriver.lambda$new$1(EventFiringWebDriver.java:107)
at com.sun.proxy.$Proxy8.getScreenshotAs(Unknown Source)
at org.openqa.selenium.support.events.EventFiringWebDriver.getScreenshotAs(EventFiringWebDriver.java:302)
at com.crm.qa.util.TestUtil.takeScreenshotAtEndOfTest(TestUtil.java:44)
at com.crm.qa.util.WebEventListener.onException(WebEventListener.java:65)
at sun.reflect.GeneratedMethodAccessor1.invoke(Unknown Source)
at sun.reflect.DelegatingMethodAccessorImpl.invoke(DelegatingMethodAccessorImpl.java:43)
at java.lang.reflect.Method.invoke(Method.java:498)
at org.openqa.selenium.support.events.EventFiringWebDriver.lambda$new$0(EventFiringWebDriver.java:84)
at com.sun.proxy.$Proxy7.onException(Unknown Source)
at org.openqa.selenium.support.events.EventFiringWebDriver.lambda$new$1(EventFiringWebDriver.java:107)
at com.sun.proxy.$Proxy8.getScreenshotAs(Unknown Source)
at org.openqa.selenium.support.events.EventFiringWebDriver.getScreenshotAs(EventFiringWebDriver.java:302)
at com.crm.qa.util.TestUtil.takeScreenshotAtEndOfTest(TestUtil.java:44)
at com.crm.qa.util.WebEventListener.onException(WebEventListener.java:65)
at sun.reflect.GeneratedMethodAccessor1.invoke(Unknown Source)
at sun.reflect.DelegatingMethodAccessorImpl.invoke(DelegatingMethodAccessorImpl.java:43)
at java.lang.reflect.Method.invoke(Method.java:498)
at org.openqa.selenium.support.events.EventFiringWebDriver.lambda$new$0(EventFiringWebDriver.java:84)
at com.sun.proxy.$Proxy7.onException(Unknown Source)
at org.openqa.selenium.support.events.EventFiringWebDriver.lambda$new$1(EventFiringWebDriver.java:107)
at com.sun.proxy.$Proxy8.getScreenshotAs(Unknown Source)
at org.openqa.selenium.support.events.EventFiringWebDriver.getScreenshotAs(EventFiringWebDriver.java:302)
at com.crm.qa.util.TestUtil.takeScreenshotAtEndOfTest(TestUtil.java:44)
at com.crm.qa.util.WebEventListener.onException(WebEventListener.java:65)
at sun.reflect.GeneratedMethodAccessor1.invoke(Unknown Source)
at sun.reflect.DelegatingMethodAccessorImpl.invoke(DelegatingMethodAccessorImpl.java:43)
at java.lang.reflect.Method.invoke(Method.java:498)
at org.openqa.selenium.support.events.EventFiringWebDriver.lambda$new$0(EventFiringWebDriver.java:84)
at com.sun.proxy.$Proxy7.onException(Unknown Source)
at org.openqa.selenium.support.events.EventFiringWebDriver.lambda$new$1(EventFiringWebDriver.java:107)
at com.sun.proxy.$Proxy8.getScreenshotAs(Unknown Source)
at org.openqa.selenium.support.events.EventFiringWebDriver.getScreenshotAs(EventFiringWebDriver.java:302)
at com.crm.qa.util.TestUtil.takeScreenshotAtEndOfTest(TestUtil.java:44)
at com.crm.qa.util.WebEventListener.onException(WebEventListener.java:65)
at sun.reflect.GeneratedMethodAccessor1.invoke(Unknown Source)
at sun.reflect.DelegatingMethodAccessorImpl.invoke(DelegatingMethodAccessorImpl.java:43)
at java.lang.reflect.Method.invoke(Method.java:498)
at org.openqa.selenium.support.events.EventFiringWebDriver.lambda$new$0(EventFiringWebDriver.java:84)
at com.sun.proxy.$Proxy7.onException(Unknown Source)
at org.openqa.selenium.support.events.EventFiringWebDriver.lambda$new$1(EventFiringWebDriver.java:107)
at com.sun.proxy.$Proxy8.getScreenshotAs(Unknown Source)
at org.openqa.selenium.support.events.EventFiringWebDriver.getScreenshotAs(EventFiringWebDriver.java:302)
at com.crm.qa.util.TestUtil.takeScreenshotAtEndOfTest(TestUtil.java:44)
at com.crm.qa.util.WebEventListener.onException(WebEventListener.java:65)
at sun.reflect.GeneratedMethodAccessor1.invoke(Unknown Source)
at sun.reflect.DelegatingMethodAccessorImpl.invoke(DelegatingMethodAccessorImpl.java:43)
at java.lang.reflect.Method.invoke(Method.java:498)
at org.openqa.selenium.support.events.EventFiringWebDriver.lambda$new$0(EventFiringWebDriver.java:84)
at com.sun.proxy.$Proxy7.onException(Unknown Source)
at org.openqa.selenium.support.events.EventFiringWebDriver.lambda$new$1(EventFiringWebDriver.java:107)
at com.sun.proxy.$Proxy8.getScreenshotAs(Unknown Source)
at org.openqa.selenium.support.events.EventFiringWebDriver.getScreenshotAs(EventFiringWebDriver.java:302)
at com.crm.qa.util.TestUtil.takeScreenshotAtEndOfTest(TestUtil.java:44)
at com.crm.qa.util.WebEventListener.onException(WebEventListener.java:65)
at sun.reflect.GeneratedMethodAccessor1.invoke(Unknown Source)
at sun.reflect.DelegatingMethodAccessorImpl.invoke(DelegatingMethodAccessorImpl.java:43)
at java.lang.reflect.Method.invoke(Method.java:498)
at org.openqa.selenium.support.events.EventFiringWebDriver.lambda$new$0(EventFiringWebDriver.java:84)
at com.sun.proxy.$Proxy7.onException(Unknown Source)
at org.openqa.selenium.support.events.EventFiringWebDriver.lambda$new$1(EventFiringWebDriver.java:107)
at com.sun.proxy.$Proxy8.getScreenshotAs(Unknown Source)
at org.openqa.selenium.support.events.EventFiringWebDriver.getScreenshotAs(EventFiringWebDriver.java:302)
at com.crm.qa.util.TestUtil.takeScreenshotAtEndOfTest(TestUtil.java:44)
at com.crm.qa.util.WebEventListener.onException(WebEventListener.java:65)
at sun.reflect.GeneratedMethodAccessor1.invoke(Unknown Source)
at sun.reflect.DelegatingMethodAccessorImpl.invoke(DelegatingMethodAccessorImpl.java:43)
at java.lang.reflect.Method.invoke(Method.java:498)
at org.openqa.selenium.support.events.EventFiringWebDriver.lambda$new$0(EventFiringWebDriver.java:84)
at com.sun.proxy.$Proxy7.onException(Unknown Source)
at org.openqa.selenium.support.events.EventFiringWebDriver.lambda$new$1(EventFiringWebDriver.java:107)
at com.sun.proxy.$Proxy8.getScreenshotAs(Unknown Source)
at org.openqa.selenium.support.events.EventFiringWebDriver.getScreenshotAs(EventFiringWebDriver.java:302)
at com.crm.qa.util.TestUtil.takeScreenshotAtEndOfTest(TestUtil.java:44)
at com.crm.qa.util.WebEventListener.onException(WebEventListener.java:65)
at sun.reflect.GeneratedMethodAccessor1.invoke(Unknown Source)
at sun.reflect.DelegatingMethodAccessorImpl.invoke(DelegatingMethodAccessorImpl.java:43)
at java.lang.reflect.Method.invoke(Method.java:498)
at org.openqa.selenium.support.events.EventFiringWebDriver.lambda$new$0(EventFiringWebDriver.java:84)
at com.sun.proxy.$Proxy7.onException(Unknown Source)
at org.openqa.selenium.support.events.EventFiringWebDriver.lambda$new$1(EventFiringWebDriver.java:107)
at com.sun.proxy.$Proxy8.getScreenshotAs(Unknown Source)
at org.openqa.selenium.support.events.EventFiringWebDriver.getScreenshotAs(EventFiringWebDriver.java:302)
at com.crm.qa.util.TestUtil.takeScreenshotAtEndOfTest(TestUtil.java:44)
at com.crm.qa.util.WebEventListener.onException(WebEventListener.java:65)
at sun.reflect.GeneratedMethodAccessor1.invoke(Unknown Source)
at sun.reflect.DelegatingMethodAccessorImpl.invoke(DelegatingMethodAccessorImpl.java:43)
at java.lang.reflect.Method.invoke(Method.java:498)
at org.openqa.selenium.support.events.EventFiringWebDriver.lambda$new$0(EventFiringWebDriver.java:84)
at com.sun.proxy.$Proxy7.onException(Unknown Source)
at org.openqa.selenium.support.events.EventFiringWebDriver.lambda$new$1(EventFiringWebDriver.java:107)
at com.sun.proxy.$Proxy8.getScreenshotAs(Unknown Source)
at org.openqa.selenium.support.events.EventFiringWebDriver.getScreenshotAs(EventFiringWebDriver.java:302)
at com.crm.qa.util.TestUtil.takeScreenshotAtEndOfTest(TestUtil.java:44)
at com.crm.qa.util.WebEventListener.onException(WebEventListener.java:65)
at sun.reflect.GeneratedMethodAccessor1.invoke(Unknown Source)
at sun.reflect.DelegatingMethodAccessorImpl.invoke(DelegatingMethodAccessorImpl.java:43)
at java.lang.reflect.Method.invoke(Method.java:498)
at org.openqa.selenium.support.events.EventFiringWebDriver.lambda$new$0(EventFiringWebDriver.java:84)
at com.sun.proxy.$Proxy7.onException(Unknown Source)
at org.openqa.selenium.support.events.EventFiringWebDriver.lambda$new$1(EventFiringWebDriver.java:107)
at com.sun.proxy.$Proxy8.getScreenshotAs(Unknown Source)
at org.openqa.selenium.support.events.EventFiringWebDriver.getScreenshotAs(EventFiringWebDriver.java:302)
at com.crm.qa.util.TestUtil.takeScreenshotAtEndOfTest(TestUtil.java:44)
at com.crm.qa.util.WebEventListener.onException(WebEventListener.java:65)
at sun.reflect.GeneratedMethodAccessor1.invoke(Unknown Source)
at sun.reflect.DelegatingMethodAccessorImpl.invoke(DelegatingMethodAccessorImpl.java:43)
at java.lang.reflect.Method.invoke(Method.java:498)
at org.openqa.selenium.support.events.EventFiringWebDriver.lambda$new$0(EventFiringWebDriver.java:84)
at com.sun.proxy.$Proxy7.onException(Unknown Source)
at org.openqa.selenium.support.events.EventFiringWebDriver.lambda$new$1(EventFiringWebDriver.java:107)
at com.sun.proxy.$Proxy8.getScreenshotAs(Unknown Source)
at org.openqa.selenium.support.events.EventFiringWebDriver.getScreenshotAs(EventFiringWebDriver.java:302)
at com.crm.qa.util.TestUtil.takeScreenshotAtEndOfTest(TestUtil.java:44)
at com.crm.qa.util.WebEventListener.onException(WebEventListener.java:65)
at sun.reflect.GeneratedMethodAccessor1.invoke(Unknown Source)
at sun.reflect.DelegatingMethodAccessorImpl.invoke(DelegatingMethodAccessorImpl.java:43)
at java.lang.reflect.Method.invoke(Method.java:498)
at org.openqa.selenium.support.events.EventFiringWebDriver.lambda$new$0(EventFiringWebDriver.java:84)
at com.sun.proxy.$Proxy7.onException(Unknown Source)
at org.openqa.selenium.support.events.EventFiringWebDriver.lambda$new$1(EventFiringWebDriver.java:107)
at com.sun.proxy.$Proxy8.getScreenshotAs(Unknown Source)
at org.openqa.selenium.support.events.EventFiringWebDriver.getScreenshotAs(EventFiringWebDriver.java:302)
at com.crm.qa.util.TestUtil.takeScreenshotAtEndOfTest(TestUtil.java:44)
at com.crm.qa.util.WebEventListener.onException(WebEventListener.java:65)
at sun.reflect.GeneratedMethodAccessor1.invoke(Unknown Source)
at sun.reflect.DelegatingMethodAccessorImpl.invoke(DelegatingMethodAccessorImpl.java:43)
at java.lang.reflect.Method.invoke(Method.java:498)
at org.openqa.selenium.support.events.EventFiringWebDriver.lambda$new$0(EventFiringWebDriver.java:84)
at com.sun.proxy.$Proxy7.onException(Unknown Source)
at org.openqa.selenium.support.events.EventFiringWebDriver.lambda$new$1(EventFiringWebDriver.java:107)
at com.sun.proxy.$Proxy8.getScreenshotAs(Unknown Source)
at org.openqa.selenium.support.events.EventFiringWebDriver.getScreenshotAs(EventFiringWebDriver.java:302)
at com.crm.qa.util.TestUtil.takeScreenshotAtEndOfTest(TestUtil.java:44)
at com.crm.qa.util.WebEventListener.onException(WebEventListener.java:65)
at sun.reflect.GeneratedMethodAccessor1.invoke(Unknown Source)
at sun.reflect.DelegatingMethodAccessorImpl.invoke(DelegatingMethodAccessorImpl.java:43)
at java.lang.reflect.Method.invoke(Method.java:498)
at org.openqa.selenium.support.events.EventFiringWebDriver.lambda$new$0(EventFiringWebDriver.java:84)
at com.sun.proxy.$Proxy7.onException(Unknown Source)
at org.openqa.selenium.support.events.EventFiringWebDriver.lambda$new$1(EventFiringWebDriver.java:107)
at com.sun.proxy.$Proxy8.getScreenshotAs(Unknown Source)
at org.openqa.selenium.support.events.EventFiringWebDriver.getScreenshotAs(EventFiringWebDriver.java:302)
at com.crm.qa.util.TestUtil.takeScreenshotAtEndOfTest(TestUtil.java:44)
at com.crm.qa.util.WebEventListener.onException(WebEventListener.java:65)
at sun.reflect.GeneratedMethodAccessor1.invoke(Unknown Source)
at sun.reflect.DelegatingMethodAccessorImpl.invoke(DelegatingMethodAccessorImpl.java:43)
at java.lang.reflect.Method.invoke(Method.java:498)
at org.openqa.selenium.support.events.EventFiringWebDriver.lambda$new$0(EventFiringWebDriver.java:84)
at com.sun.proxy.$Proxy7.onException(Unknown Source)
at org.openqa.selenium.support.events.EventFiringWebDriver.lambda$new$1(EventFiringWebDriver.java:107)
at com.sun.proxy.$Proxy8.getScreenshotAs(Unknown Source)
at org.openqa.selenium.support.events.EventFiringWebDriver.getScreenshotAs(EventFiringWebDriver.java:302)
at com.crm.qa.util.TestUtil.takeScreenshotAtEndOfTest(TestUtil.java:44)
at com.crm.qa.util.WebEventListener.onException(WebEventListener.java:65)
at sun.reflect.GeneratedMethodAccessor1.invoke(Unknown Source)
at sun.reflect.DelegatingMethodAccessorImpl.invoke(DelegatingMethodAccessorImpl.java:43)
at java.lang.reflect.Method.invoke(Method.java:498)
at org.openqa.selenium.support.events.EventFiringWebDriver.lambda$new$0(EventFiringWebDriver.java:84)
at com.sun.proxy.$Proxy7.onException(Unknown Source)
at org.openqa.selenium.support.events.EventFiringWebDriver.lambda$new$1(EventFiringWebDriver.java:107)
at com.sun.proxy.$Proxy8.getScreenshotAs(Unknown Source)
at org.openqa.selenium.support.events.EventFiringWebDriver.getScreenshotAs(EventFiringWebDriver.java:302)
at com.crm.qa.util.TestUtil.takeScreenshotAtEndOfTest(TestUtil.java:44)
at com.crm.qa.util.WebEventListener.onException(WebEventListener.java:65)
at sun.reflect.GeneratedMethodAccessor1.invoke(Unknown Source)
at sun.reflect.DelegatingMethodAccessorImpl.invoke(DelegatingMethodAccessorImpl.java:43)
at java.lang.reflect.Method.invoke(Method.java:498)
at org.openqa.selenium.support.events.EventFiringWebDriver.lambda$new$0(EventFiringWebDriver.java:84)
at com.sun.proxy.$Proxy7.onException(Unknown Source)
at org.openqa.selenium.support.events.EventFiringWebDriver.lambda$new$1(EventFiringWebDriver.java:107)
at com.sun.proxy.$Proxy8.getScreenshotAs(Unknown Source)
at org.openqa.selenium.support.events.EventFiringWebDriver.getScreenshotAs(EventFiringWebDriver.java:302)
at com.crm.qa.util.TestUtil.takeScreenshotAtEndOfTest(TestUtil.java:44)
at com.crm.qa.util.WebEventListener.onException(WebEventListener.java:65)
at sun.reflect.GeneratedMethodAccessor1.invoke(Unknown Source)
at sun.reflect.DelegatingMethodAccessorImpl.invoke(DelegatingMethodAccessorImpl.java:43)
at java.lang.reflect.Method.invoke(Method.java:498)
at org.openqa.selenium.support.events.EventFiringWebDriver.lambda$new$0(EventFiringWebDriver.java:84)
at com.sun.proxy.$Proxy7.onException(Unknown Source)
at org.openqa.selenium.support.events.EventFiringWebDriver.lambda$new$1(EventFiringWebDriver.java:107)
at com.sun.proxy.$Proxy8.getScreenshotAs(Unknown Source)
at org.openqa.selenium.support.events.EventFiringWebDriver.getScreenshotAs(EventFiringWebDriver.java:302)
at com.crm.qa.util.TestUtil.takeScreenshotAtEndOfTest(TestUtil.java:44)
at com.crm.qa.util.WebEventListener.onException(WebEventListener.java:65)
at sun.reflect.GeneratedMethodAccessor1.invoke(Unknown Source)
at sun.reflect.DelegatingMethodAccessorImpl.invoke(DelegatingMethodAccessorImpl.java:43)
at java.lang.reflect.Method.invoke(Method.java:498)
at org.openqa.selenium.support.events.EventFiringWebDriver.lambda$new$0(EventFiringWebDriver.java:84)
at com.sun.proxy.$Proxy7.onException(Unknown Source)
at org.openqa.selenium.support.events.EventFiringWebDriver.lambda$new$1(EventFiringWebDriver.java:107)
at com.sun.proxy.$Proxy8.getScreenshotAs(Unknown Source)
at org.openqa.selenium.support.events.EventFiringWebDriver.getScreenshotAs(EventFiringWebDriver.java:302)
at com.crm.qa.util.TestUtil.takeScreenshotAtEndOfTest(TestUtil.java:44)
at com.crm.qa.util.WebEventListener.onException(WebEventListener.java:65)
at sun.reflect.GeneratedMethodAccessor1.invoke(Unknown Source)
at sun.reflect.DelegatingMethodAccessorImpl.invoke(DelegatingMethodAccessorImpl.java:43)
at java.lang.reflect.Method.invoke(Method.java:498)
at org.openqa.selenium.support.events.EventFiringWebDriver.lambda$new$0(EventFiringWebDriver.java:84)
at com.sun.proxy.$Proxy7.onException(Unknown Source)
at org.openqa.selenium.support.events.EventFiringWebDriver.lambda$new$1(EventFiringWebDriver.java:107)
at com.sun.proxy.$Proxy8.getScreenshotAs(Unknown Source)
at org.openqa.selenium.support.events.EventFiringWebDriver.getScreenshotAs(EventFiringWebDriver.java:302)
at com.crm.qa.util.TestUtil.takeScreenshotAtEndOfTest(TestUtil.java:44)
at com.crm.qa.util.WebEventListener.onException(WebEventListener.java:65)
at sun.reflect.GeneratedMethodAccessor1.invoke(Unknown Source)
at sun.reflect.DelegatingMethodAccessorImpl.invoke(DelegatingMethodAccessorImpl.java:43)
at java.lang.reflect.Method.invoke(Method.java:498)
at org.openqa.selenium.support.events.EventFiringWebDriver.lambda$new$0(EventFiringWebDriver.java:84)
at com.sun.proxy.$Proxy7.onException(Unknown Source)
at org.openqa.selenium.support.events.EventFiringWebDriver.lambda$new$1(EventFiringWebDriver.java:107)
at com.sun.proxy.$Proxy8.getScreenshotAs(Unknown Source)
at org.openqa.selenium.support.events.EventFiringWebDriver.getScreenshotAs(EventFiringWebDriver.java:302)
at com.crm.qa.util.TestUtil.takeScreenshotAtEndOfTest(TestUtil.java:44)
at com.crm.qa.util.WebEventListener.onException(WebEventListener.java:65)
at sun.reflect.GeneratedMethodAccessor1.invoke(Unknown Source)
at sun.reflect.DelegatingMethodAccessorImpl.invoke(DelegatingMethodAccessorImpl.java:43)
at java.lang.reflect.Method.invoke(Method.java:498)
at org.openqa.selenium.support.events.EventFiringWebDriver.lambda$new$0(EventFiringWebDriver.java:84)
at com.sun.proxy.$Proxy7.onException(Unknown Source)
at org.openqa.selenium.support.events.EventFiringWebDriver.lambda$new$1(EventFiringWebDriver.java:107)
at com.sun.proxy.$Proxy8.getScreenshotAs(Unknown Source)
at org.openqa.selenium.support.events.EventFiringWebDriver.getScreenshotAs(EventFiringWebDriver.java:302)
at com.crm.qa.util.TestUtil.takeScreenshotAtEndOfTest(TestUtil.java:44)
at com.crm.qa.util.WebEventListener.onException(WebEventListener.java:65)
at sun.reflect.GeneratedMethodAccessor1.invoke(Unknown Source)
at sun.reflect.DelegatingMethodAccessorImpl.invoke(DelegatingMethodAccessorImpl.java:43)
at java.lang.reflect.Method.invoke(Method.java:498)
at org.openqa.selenium.support.events.EventFiringWebDriver.lambda$new$0(EventFiringWebDriver.java:84)
at com.sun.proxy.$Proxy7.onException(Unknown Source)
at org.openqa.selenium.support.events.EventFiringWebDriver.lambda$new$1(EventFiringWebDriver.java:107)
at com.sun.proxy.$Proxy8.getScreenshotAs(Unknown Source)
at org.openqa.selenium.support.events.EventFiringWebDriver.getScreenshotAs(EventFiringWebDriver.java:302)
at com.crm.qa.util.TestUtil.takeScreenshotAtEndOfTest(TestUtil.java:44)
at com.crm.qa.util.WebEventListener.onException(WebEventListener.java:65)
at sun.reflect.GeneratedMethodAccessor1.invoke(Unknown Source)
at sun.reflect.DelegatingMethodAccessorImpl.invoke(DelegatingMethodAccessorImpl.java:43)
at java.lang.reflect.Method.invoke(Method.java:498)
at org.openqa.selenium.support.events.EventFiringWebDriver.lambda$new$0(EventFiringWebDriver.java:84)
at com.sun.proxy.$Proxy7.onException(Unknown Source)
at org.openqa.selenium.support.events.EventFiringWebDriver.lambda$new$1(EventFiringWebDriver.java:107)
at com.sun.proxy.$Proxy8.getScreenshotAs(Unknown Source)
at org.openqa.selenium.support.events.EventFiringWebDriver.getScreenshotAs(EventFiringWebDriver.java:302)
at com.crm.qa.util.TestUtil.takeScreenshotAtEndOfTest(TestUtil.java:44)
at com.crm.qa.util.WebEventListener.onException(WebEventListener.java:65)
at sun.reflect.GeneratedMethodAccessor1.invoke(Unknown Source)
at sun.reflect.DelegatingMethodAccessorImpl.invoke(DelegatingMethodAccessorImpl.java:43)
at java.lang.reflect.Method.invoke(Method.java:498)
at org.openqa.selenium.support.events.EventFiringWebDriver.lambda$new$0(EventFiringWebDriver.java:84)
at com.sun.proxy.$Proxy7.onException(Unknown Source)
at org.openqa.selenium.support.events.EventFiringWebDriver.lambda$new$1(EventFiringWebDriver.java:107)
at com.sun.proxy.$Proxy8.getScreenshotAs(Unknown Source)
at org.openqa.selenium.support.events.EventFiringWebDriver.getScreenshotAs(EventFiringWebDriver.java:302)
at com.crm.qa.util.TestUtil.takeScreenshotAtEndOfTest(TestUtil.java:44)
at com.crm.qa.util.WebEventListener.onException(WebEventListener.java:65)
at sun.reflect.GeneratedMethodAccessor1.invoke(Unknown Source)
at sun.reflect.DelegatingMethodAccessorImpl.invoke(DelegatingMethodAccessorImpl.java:43)
at java.lang.reflect.Method.invoke(Method.java:498)
at org.openqa.selenium.support.events.EventFiringWebDriver.lambda$new$0(EventFiringWebDriver.java:84)
at com.sun.proxy.$Proxy7.onException(Unknown Source)
at org.openqa.selenium.support.events.EventFiringWebDriver.lambda$new$1(EventFiringWebDriver.java:107)
at com.sun.proxy.$Proxy8.getScreenshotAs(Unknown Source)
at org.openqa.selenium.support.events.EventFiringWebDriver.getScreenshotAs(EventFiringWebDriver.java:302)
at com.crm.qa.util.TestUtil.takeScreenshotAtEndOfTest(TestUtil.java:44)
at com.crm.qa.util.WebEventListener.onException(WebEventListener.java:65)
at sun.reflect.GeneratedMethodAccessor1.invoke(Unknown Source)
at sun.reflect.DelegatingMethodAccessorImpl.invoke(DelegatingMethodAccessorImpl.java:43)
at java.lang.reflect.Method.invoke(Method.java:498)
at org.openqa.selenium.support.events.EventFiringWebDriver.lambda$new$0(EventFiringWebDriver.java:84)
at com.sun.proxy.$Proxy7.onException(Unknown Source)
at org.openqa.selenium.support.events.EventFiringWebDriver.lambda$new$1(EventFiringWebDriver.java:107)
at com.sun.proxy.$Proxy8.getScreenshotAs(Unknown Source)
at org.openqa.selenium.support.events.EventFiringWebDriver.getScreenshotAs(EventFiringWebDriver.java:302)
at com.crm.qa.util.TestUtil.takeScreenshotAtEndOfTest(TestUtil.java:44)
at com.crm.qa.util.WebEventListener.onException(WebEventListener.java:65)
at sun.reflect.GeneratedMethodAccessor1.invoke(Unknown Source)
at sun.reflect.DelegatingMethodAccessorImpl.invoke(DelegatingMethodAccessorImpl.java:43)
at java.lang.reflect.Method.invoke(Method.java:498)
at org.openqa.selenium.support.events.EventFiringWebDriver.lambda$new$0(EventFiringWebDriver.java:84)
at com.sun.proxy.$Proxy7.onException(Unknown Source)
at org.openqa.selenium.support.events.EventFiringWebDriver.lambda$new$1(EventFiringWebDriver.java:107)
at com.sun.proxy.$Proxy8.getScreenshotAs(Unknown Source)
at org.openqa.selenium.support.events.EventFiringWebDriver.getScreenshotAs(EventFiringWebDriver.java:302)
at com.crm.qa.util.TestUtil.takeScreenshotAtEndOfTest(TestUtil.java:44)
at com.crm.qa.util.WebEventListener.onException(WebEventListener.java:65)
at sun.reflect.GeneratedMethodAccessor1.invoke(Unknown Source)
at sun.reflect.DelegatingMethodAccessorImpl.invoke(DelegatingMethodAccessorImpl.java:43)
at java.lang.reflect.Method.invoke(Method.java:498)
at org.openqa.selenium.support.events.EventFiringWebDriver.lambda$new$0(EventFiringWebDriver.java:84)
at com.sun.proxy.$Proxy7.onException(Unknown Source)
at org.openqa.selenium.support.events.EventFiringWebDriver.lambda$new$1(EventFiringWebDriver.java:107)
at com.sun.proxy.$Proxy8.getScreenshotAs(Unknown Source)
at org.openqa.selenium.support.events.EventFiringWebDriver.getScreenshotAs(EventFiringWebDriver.java:302)
at com.crm.qa.util.TestUtil.takeScreenshotAtEndOfTest(TestUtil.java:44)
at com.crm.qa.util.WebEventListener.onException(WebEventListener.java:65)
at sun.reflect.GeneratedMethodAccessor1.invoke(Unknown Source)
at sun.reflect.DelegatingMethodAccessorImpl.invoke(DelegatingMethodAccessorImpl.java:43)
at java.lang.reflect.Method.invoke(Method.java:498)
at org.openqa.selenium.support.events.EventFiringWebDriver.lambda$new$0(EventFiringWebDriver.java:84)
at com.sun.proxy.$Proxy7.onException(Unknown Source)
at org.openqa.selenium.support.events.EventFiringWebDriver.lambda$new$1(EventFiringWebDriver.java:107)
at com.sun.proxy.$Proxy8.getScreenshotAs(Unknown Source)
at org.openqa.selenium.support.events.EventFiringWebDriver.getScreenshotAs(EventFiringWebDriver.java:302)
at com.crm.qa.util.TestUtil.takeScreenshotAtEndOfTest(TestUtil.java:44)
at com.crm.qa.util.WebEventListener.onException(WebEventListener.java:65)
at sun.reflect.GeneratedMethodAccessor1.invoke(Unknown Source)
at sun.reflect.DelegatingMethodAccessorImpl.invoke(DelegatingMethodAccessorImpl.java:43)
at java.lang.reflect.Method.invoke(Method.java:498)
at org.openqa.selenium.support.events.EventFiringWebDriver.lambda$new$0(EventFiringWebDriver.java:84)
at com.sun.proxy.$Proxy7.onException(Unknown Source)
at org.openqa.selenium.support.events.EventFiringWebDriver.lambda$new$1(EventFiringWebDriver.java:107)
at com.sun.proxy.$Proxy8.getScreenshotAs(Unknown Source)
at org.openqa.selenium.support.events.EventFiringWebDriver.getScreenshotAs(EventFiringWebDriver.java:302)
at com.crm.qa.util.TestUtil.takeScreenshotAtEndOfTest(TestUtil.java:44)
at com.crm.qa.util.WebEventListener.onException(WebEventListener.java:65)
at sun.reflect.GeneratedMethodAccessor1.invoke(Unknown Source)
at sun.reflect.DelegatingMethodAccessorImpl.invoke(DelegatingMethodAccessorImpl.java:43)
at java.lang.reflect.Method.invoke(Method.java:498)
at org.openqa.selenium.support.events.EventFiringWebDriver.lambda$new$0(EventFiringWebDriver.java:84)
at com.sun.proxy.$Proxy7.onException(Unknown Source)
at org.openqa.selenium.support.events.EventFiringWebDriver.lambda$new$1(EventFiringWebDriver.java:107)
at com.sun.proxy.$Proxy8.getScreenshotAs(Unknown Source)
at org.openqa.selenium.support.events.EventFiringWebDriver.getScreenshotAs(EventFiringWebDriver.java:302)
at com.crm.qa.util.TestUtil.takeScreenshotAtEndOfTest(TestUtil.java:44)
at com.crm.qa.util.WebEventListener.onException(WebEventListener.java:65)
at sun.reflect.GeneratedMethodAccessor1.invoke(Unknown Source)
at sun.reflect.DelegatingMethodAccessorImpl.invoke(DelegatingMethodAccessorImpl.java:43)
at java.lang.reflect.Method.invoke(Method.java:498)
at org.openqa.selenium.support.events.EventFiringWebDriver.lambda$new$0(EventFiringWebDriver.java:84)
at com.sun.proxy.$Proxy7.onException(Unknown Source)
at org.openqa.selenium.support.events.EventFiringWebDriver.lambda$new$1(EventFiringWebDriver.java:107)
at com.sun.proxy.$Proxy8.getScreenshotAs(Unknown Source)
at org.openqa.selenium.support.events.EventFiringWebDriver.getScreenshotAs(EventFiringWebDriver.java:302)
at com.crm.qa.util.TestUtil.takeScreenshotAtEndOfTest(TestUtil.java:44)
at com.crm.qa.util.WebEventListener.onException(WebEventListener.java:65)
at sun.reflect.GeneratedMethodAccessor1.invoke(Unknown Source)
at sun.reflect.DelegatingMethodAccessorImpl.invoke(DelegatingMethodAccessorImpl.java:43)
at java.lang.reflect.Method.invoke(Method.java:498)
at org.openqa.selenium.support.events.EventFiringWebDriver.lambda$new$0(EventFiringWebDriver.java:84)
at com.sun.proxy.$Proxy7.onException(Unknown Source)
at org.openqa.selenium.support.events.EventFiringWebDriver.lambda$new$1(EventFiringWebDriver.java:107)
at com.sun.proxy.$Proxy8.getScreenshotAs(Unknown Source)
at org.openqa.selenium.support.events.EventFiringWebDriver.getScreenshotAs(EventFiringWebDriver.java:302)
at com.crm.qa.util.TestUtil.takeScreenshotAtEndOfTest(TestUtil.java:44)
at com.crm.qa.util.WebEventListener.onException(WebEventListener.java:65)
at sun.reflect.GeneratedMethodAccessor1.invoke(Unknown Source)
at sun.reflect.DelegatingMethodAccessorImpl.invoke(DelegatingMethodAccessorImpl.java:43)
at java.lang.reflect.Method.invoke(Method.java:498)
at org.openqa.selenium.support.events.EventFiringWebDriver.lambda$new$0(EventFiringWebDriver.java:84)
at com.sun.proxy.$Proxy7.onException(Unknown Source)
at org.openqa.selenium.support.events.EventFiringWebDriver.lambda$new$1(EventFiringWebDriver.java:107)
at com.sun.proxy.$Proxy8.getScreenshotAs(Unknown Source)
at org.openqa.selenium.support.events.EventFiringWebDriver.getScreenshotAs(EventFiringWebDriver.java:302)
at com.crm.qa.util.TestUtil.takeScreenshotAtEndOfTest(TestUtil.java:44)
at com.crm.qa.util.WebEventListener.onException(WebEventListener.java:65)
at sun.reflect.GeneratedMethodAccessor1.invoke(Unknown Source)
at sun.reflect.DelegatingMethodAccessorImpl.invoke(DelegatingMethodAccessorImpl.java:43)
at java.lang.reflect.Method.invoke(Method.java:498)
at org.openqa.selenium.support.events.EventFiringWebDriver.lambda$new$0(EventFiringWebDriver.java:84)
at com.sun.proxy.$Proxy7.onException(Unknown Source)
at org.openqa.selenium.support.events.EventFiringWebDriver.lambda$new$1(EventFiringWebDriver.java:107)
at com.sun.proxy.$Proxy8.getScreenshotAs(Unknown Source)
at org.openqa.selenium.support.events.EventFiringWebDriver.getScreenshotAs(EventFiringWebDriver.java:302)
at com.crm.qa.util.TestUtil.takeScreenshotAtEndOfTest(TestUtil.java:44)
at com.crm.qa.util.WebEventListener.onException(WebEventListener.java:65)
at sun.reflect.GeneratedMethodAccessor1.invoke(Unknown Source)
at sun.reflect.DelegatingMethodAccessorImpl.invoke(DelegatingMethodAccessorImpl.java:43)
at java.lang.reflect.Method.invoke(Method.java:498)
at org.openqa.selenium.support.events.EventFiringWebDriver.lambda$new$0(EventFiringWebDriver.java:84)
at com.sun.proxy.$Proxy7.onException(Unknown Source)
at org.openqa.selenium.support.events.EventFiringWebDriver.lambda$new$1(EventFiringWebDriver.java:107)
at com.sun.proxy.$Proxy8.getScreenshotAs(Unknown Source)
at org.openqa.selenium.support.events.EventFiringWebDriver.getScreenshotAs(EventFiringWebDriver.java:302)
at com.crm.qa.util.TestUtil.takeScreenshotAtEndOfTest(TestUtil.java:44)
at com.crm.qa.util.WebEventListener.onException(WebEventListener.java:65)
at sun.reflect.GeneratedMethodAccessor1.invoke(Unknown Source)
at sun.reflect.DelegatingMethodAccessorImpl.invoke(DelegatingMethodAccessorImpl.java:43)
at java.lang.reflect.Method.invoke(Method.java:498)
at org.openqa.selenium.support.events.EventFiringWebDriver.lambda$new$0(EventFiringWebDriver.java:84)
at com.sun.proxy.$Proxy7.onException(Unknown Source)
at org.openqa.selenium.support.events.EventFiringWebDriver.lambda$new$1(EventFiringWebDriver.java:107)
at com.sun.proxy.$Proxy8.getScreenshotAs(Unknown Source)
at org.openqa.selenium.support.events.EventFiringWebDriver.getScreenshotAs(EventFiringWebDriver.java:302)
at com.crm.qa.util.TestUtil.takeScreenshotAtEndOfTest(TestUtil.java:44)
at com.crm.qa.util.WebEventListener.onException(WebEventListener.java:65)
at sun.reflect.GeneratedMethodAccessor1.invoke(Unknown Source)
at sun.reflect.DelegatingMethodAccessorImpl.invoke(DelegatingMethodAccessorImpl.java:43)
at java.lang.reflect.Method.invoke(Method.java:498)
at org.openqa.selenium.support.events.EventFiringWebDriver.lambda$new$0(EventFiringWebDriver.java:84)
at com.sun.proxy.$Proxy7.onException(Unknown Source)
at org.openqa.selenium.support.events.EventFiringWebDriver.lambda$new$1(EventFiringWebDriver.java:107)
at com.sun.proxy.$Proxy8.getScreenshotAs(Unknown Source)
at org.openqa.selenium.support.events.EventFiringWebDriver.getScreenshotAs(EventFiringWebDriver.java:302)
at com.crm.qa.util.TestUtil.takeScreenshotAtEndOfTest(TestUtil.java:44)
at com.crm.qa.util.WebEventListener.onException(WebEventListener.java:65)
at sun.reflect.GeneratedMethodAccessor1.invoke(Unknown Source)
at sun.reflect.DelegatingMethodAccessorImpl.invoke(DelegatingMethodAccessorImpl.java:43)
at java.lang.reflect.Method.invoke(Method.java:498)
at org.openqa.selenium.support.events.EventFiringWebDriver.lambda$new$0(EventFiringWebDriver.java:84)
at com.sun.proxy.$Proxy7.onException(Unknown Source)
at org.openqa.selenium.support.events.EventFiringWebDriver.lambda$new$1(EventFiringWebDriver.java:107)
at com.sun.proxy.$Proxy8.getScreenshotAs(Unknown Source)
at org.openqa.selenium.support.events.EventFiringWebDriver.getScreenshotAs(EventFiringWebDriver.java:302)
at com.crm.qa.util.TestUtil.takeScreenshotAtEndOfTest(TestUtil.java:44)
at com.crm.qa.util.WebEventListener.onException(WebEventListener.java:65)
at sun.reflect.GeneratedMethodAccessor1.invoke(Unknown Source)
at sun.reflect.DelegatingMethodAccessorImpl.invoke(DelegatingMethodAccessorImpl.java:43)
at java.lang.reflect.Method.invoke(Method.java:498)
at org.openqa.selenium.support.events.EventFiringWebDriver.lambda$new$0(EventFiringWebDriver.java:84)
at com.sun.proxy.$Proxy7.onException(Unknown Source)
at org.openqa.selenium.support.events.EventFiringWebDriver.lambda$new$1(EventFiringWebDriver.java:107)
at com.sun.proxy.$Proxy8.getScreenshotAs(Unknown Source)
at org.openqa.selenium.support.events.EventFiringWebDriver.getScreenshotAs(EventFiringWebDriver.java:302)
at com.crm.qa.util.TestUtil.takeScreenshotAtEndOfTest(TestUtil.java:44)
at com.crm.qa.util.WebEventListener.onException(WebEventListener.java:65)
at sun.reflect.GeneratedMethodAccessor1.invoke(Unknown Source)
at sun.reflect.DelegatingMethodAccessorImpl.invoke(DelegatingMethodAccessorImpl.java:43)
at java.lang.reflect.Method.invoke(Method.java:498)
at org.openqa.selenium.support.events.EventFiringWebDriver.lambda$new$0(EventFiringWebDriver.java:84)
at com.sun.proxy.$Proxy7.onException(Unknown Source)
at org.openqa.selenium.support.events.EventFiringWebDriver.lambda$new$1(EventFiringWebDriver.java:107)
at com.sun.proxy.$Proxy8.getScreenshotAs(Unknown Source)
at org.openqa.selenium.support.events.EventFiringWebDriver.getScreenshotAs(EventFiringWebDriver.java:302)
at com.crm.qa.util.TestUtil.takeScreenshotAtEndOfTest(TestUtil.java:44)
at com.crm.qa.util.WebEventListener.onException(WebEventListener.java:65)
at sun.reflect.GeneratedMethodAccessor1.invoke(Unknown Source)
at sun.reflect.DelegatingMethodAccessorImpl.invoke(DelegatingMethodAccessorImpl.java:43)
at java.lang.reflect.Method.invoke(Method.java:498)
at org.openqa.selenium.support.events.EventFiringWebDriver.lambda$new$0(EventFiringWebDriver.java:84)
at com.sun.proxy.$Proxy7.onException(Unknown Source)
at org.openqa.selenium.support.events.EventFiringWebDriver.lambda$new$1(EventFiringWebDriver.java:107)
at com.sun.proxy.$Proxy8.getScreenshotAs(Unknown Source)
at org.openqa.selenium.support.events.EventFiringWebDriver.getScreenshotAs(EventFiringWebDriver.java:302)
at com.crm.qa.util.TestUtil.takeScreenshotAtEndOfTest(TestUtil.java:44)
at com.crm.qa.util.WebEventListener.onException(WebEventListener.java:65)
at sun.reflect.GeneratedMethodAccessor1.invoke(Unknown Source)
at sun.reflect.DelegatingMethodAccessorImpl.invoke(DelegatingMethodAccessorImpl.java:43)
at java.lang.reflect.Method.invoke(Method.java:498)
at org.openqa.selenium.support.events.EventFiringWebDriver.lambda$new$0(EventFiringWebDriver.java:84)
at com.sun.proxy.$Proxy7.onException(Unknown Source)
at org.openqa.selenium.support.events.EventFiringWebDriver.lambda$new$1(EventFiringWebDriver.java:107)
at com.sun.proxy.$Proxy8.getScreenshotAs(Unknown Source)
at org.openqa.selenium.support.events.EventFiringWebDriver.getScreenshotAs(EventFiringWebDriver.java:302)
at com.crm.qa.util.TestUtil.takeScreenshotAtEndOfTest(TestUtil.java:44)
at com.crm.qa.util.WebEventListener.onException(WebEventListener.java:65)
at sun.reflect.GeneratedMethodAccessor1.invoke(Unknown Source)
at sun.reflect.DelegatingMethodAccessorImpl.invoke(DelegatingMethodAccessorImpl.java:43)
at java.lang.reflect.Method.invoke(Method.java:498)
at org.openqa.selenium.support.events.EventFiringWebDriver.lambda$new$0(EventFiringWebDriver.java:84)
at com.sun.proxy.$Proxy7.onException(Unknown Source)
at org.openqa.selenium.support.events.EventFiringWebDriver.lambda$new$1(EventFiringWebDriver.java:107)
at com.sun.proxy.$Proxy8.getScreenshotAs(Unknown Source)
at org.openqa.selenium.support.events.EventFiringWebDriver.getScreenshotAs(EventFiringWebDriver.java:302)
at com.crm.qa.util.TestUtil.takeScreenshotAtEndOfTest(TestUtil.java:44)
at com.crm.qa.util.WebEventListener.onException(WebEventListener.java:65)
at sun.reflect.GeneratedMethodAccessor1.invoke(Unknown Source)
at sun.reflect.DelegatingMethodAccessorImpl.invoke(DelegatingMethodAccessorImpl.java:43)
at java.lang.reflect.Method.invoke(Method.java:498)
at org.openqa.selenium.support.events.EventFiringWebDriver.lambda$new$0(EventFiringWebDriver.java:84)
at com.sun.proxy.$Proxy7.onException(Unknown Source)
at org.openqa.selenium.support.events.EventFiringWebDriver.lambda$new$1(EventFiringWebDriver.java:107)
at com.sun.proxy.$Proxy8.getScreenshotAs(Unknown Source)
at org.openqa.selenium.support.events.EventFiringWebDriver.getScreenshotAs(EventFiringWebDriver.java:302)
at com.crm.qa.util.TestUtil.takeScreenshotAtEndOfTest(TestUtil.java:44)
at com.crm.qa.util.WebEventListener.onException(WebEventListener.java:65)
at sun.reflect.GeneratedMethodAccessor1.invoke(Unknown Source)
at sun.reflect.DelegatingMethodAccessorImpl.invoke(DelegatingMethodAccessorImpl.java:43)
at java.lang.reflect.Method.invoke(Method.java:498)
at org.openqa.selenium.support.events.EventFiringWebDriver.lambda$new$0(EventFiringWebDriver.java:84)
at com.sun.proxy.$Proxy7.onException(Unknown Source)
at org.openqa.selenium.support.events.EventFiringWebDriver.lambda$new$1(EventFiringWebDriver.java:107)
at com.sun.proxy.$Proxy8.getScreenshotAs(Unknown Source)
at org.openqa.selenium.support.events.EventFiringWebDriver.getScreenshotAs(EventFiringWebDriver.java:302)
at com.crm.qa.util.TestUtil.takeScreenshotAtEndOfTest(TestUtil.java:44)
at com.crm.qa.util.WebEventListener.onException(WebEventListener.java:65)
at sun.reflect.GeneratedMethodAccessor1.invoke(Unknown Source)
at sun.reflect.DelegatingMethodAccessorImpl.invoke(DelegatingMethodAccessorImpl.java:43)
at java.lang.reflect.Method.invoke(Method.java:498)
at org.openqa.selenium.support.events.EventFiringWebDriver.lambda$new$0(EventFiringWebDriver.java:84)
at com.sun.proxy.$Proxy7.onException(Unknown Source)
at org.openqa.selenium.support.events.EventFiringWebDriver.lambda$new$1(EventFiringWebDriver.java:107)
at com.sun.proxy.$Proxy8.getScreenshotAs(Unknown Source)
at org.openqa.selenium.support.events.EventFiringWebDriver.getScreenshotAs(EventFiringWebDriver.java:302)
at com.crm.qa.util.TestUtil.takeScreenshotAtEndOfTest(TestUtil.java:44)
at com.crm.qa.util.WebEventListener.onException(WebEventListener.java:65)
at sun.reflect.GeneratedMethodAccessor1.invoke(Unknown Source)
at sun.reflect.DelegatingMethodAccessorImpl.invoke(DelegatingMethodAccessorImpl.java:43)
at java.lang.reflect.Method.invoke(Method.java:498)
at org.openqa.selenium.support.events.EventFiringWebDriver.lambda$new$0(EventFiringWebDriver.java:84)
at com.sun.proxy.$Proxy7.onException(Unknown Source)
at org.openqa.selenium.support.events.EventFiringWebDriver.lambda$new$1(EventFiringWebDriver.java:107)
at com.sun.proxy.$Proxy8.getScreenshotAs(Unknown Source)
at org.openqa.selenium.support.events.EventFiringWebDriver.getScreenshotAs(EventFiringWebDriver.java:302)
at com.crm.qa.util.TestUtil.takeScreenshotAtEndOfTest(TestUtil.java:44)
at com.crm.qa.util.WebEventListener.onException(WebEventListener.java:65)
at sun.reflect.GeneratedMethodAccessor1.invoke(Unknown Source)
at sun.reflect.DelegatingMethodAccessorImpl.invoke(DelegatingMethodAccessorImpl.java:43)
at java.lang.reflect.Method.invoke(Method.java:498)
at org.openqa.selenium.support.events.EventFiringWebDriver.lambda$new$0(EventFiringWebDriver.java:84)
at com.sun.proxy.$Proxy7.onException(Unknown Source)
at org.openqa.selenium.support.events.EventFiringWebDriver.lambda$new$1(EventFiringWebDriver.java:107)
at com.sun.proxy.$Proxy8.getScreenshotAs(Unknown Source)
at org.openqa.selenium.support.events.EventFiringWebDriver.getScreenshotAs(EventFiringWebDriver.java:302)
at com.crm.qa.util.TestUtil.takeScreenshotAtEndOfTest(TestUtil.java:44)
at com.crm.qa.util.WebEventListener.onException(WebEventListener.java:65)
at sun.reflect.GeneratedMethodAccessor1.invoke(Unknown Source)
at sun.reflect.DelegatingMethodAccessorImpl.invoke(DelegatingMethodAccessorImpl.java:43)
at java.lang.reflect.Method.invoke(Method.java:498)
at org.openqa.selenium.support.events.EventFiringWebDriver.lambda$new$0(EventFiringWebDriver.java:84)
at com.sun.proxy.$Proxy7.onException(Unknown Source)
at org.openqa.selenium.support.events.EventFiringWebDriver.lambda$new$1(EventFiringWebDriver.java:107)
at com.sun.proxy.$Proxy8.getScreenshotAs(Unknown Source)
at org.openqa.selenium.support.events.EventFiringWebDriver.getScreenshotAs(EventFiringWebDriver.java:302)
at com.crm.qa.util.TestUtil.takeScreenshotAtEndOfTest(TestUtil.java:44)
at com.crm.qa.util.WebEventListener.onException(WebEventListener.java:65)
at sun.reflect.GeneratedMethodAccessor1.invoke(Unknown Source)
at sun.reflect.DelegatingMethodAccessorImpl.invoke(DelegatingMethodAccessorImpl.java:43)
at java.lang.reflect.Method.invoke(Method.java:498)
at org.openqa.selenium.support.events.EventFiringWebDriver.lambda$new$0(EventFiringWebDriver.java:84)
at com.sun.proxy.$Proxy7.onException(Unknown Source)
at org.openqa.selenium.support.events.EventFiringWebDriver.lambda$new$1(EventFiringWebDriver.java:107)
at com.sun.proxy.$Proxy8.getScreenshotAs(Unknown Source)
at org.openqa.selenium.support.events.EventFiringWebDriver.getScreenshotAs(EventFiringWebDriver.java:302)
at com.crm.qa.util.TestUtil.takeScreenshotAtEndOfTest(TestUtil.java:44)
at com.crm.qa.util.WebEventListener.onException(WebEventListener.java:65)
at sun.reflect.GeneratedMethodAccessor1.invoke(Unknown Source)
at sun.reflect.DelegatingMethodAccessorImpl.invoke(DelegatingMethodAccessorImpl.java:43)
at java.lang.reflect.Method.invoke(Method.java:498)
at org.openqa.selenium.support.events.EventFiringWebDriver.lambda$new$0(EventFiringWebDriver.java:84)
at com.sun.proxy.$Proxy7.onException(Unknown Source)
at org.openqa.selenium.support.events.EventFiringWebDriver.lambda$new$1(EventFiringWebDriver.java:107)
at com.sun.proxy.$Proxy8.getScreenshotAs(Unknown Source)
at org.openqa.selenium.support.events.EventFiringWebDriver.getScreenshotAs(EventFiringWebDriver.java:302)
at com.crm.qa.util.TestUtil.takeScreenshotAtEndOfTest(TestUtil.java:44)
at com.crm.qa.util.WebEventListener.onException(WebEventListener.java:65)
at sun.reflect.GeneratedMethodAccessor1.invoke(Unknown Source)
at sun.reflect.DelegatingMethodAccessorImpl.invoke(DelegatingMethodAccessorImpl.java:43)
at java.lang.reflect.Method.invoke(Method.java:498)
at org.openqa.selenium.support.events.EventFiringWebDriver.lambda$new$0(EventFiringWebDriver.java:84)
at com.sun.proxy.$Proxy7.onException(Unknown Source)
at org.openqa.selenium.support.events.EventFiringWebDriver.lambda$new$1(EventFiringWebDriver.java:107)
at com.sun.proxy.$Proxy8.getScreenshotAs(Unknown Source)
at org.openqa.selenium.support.events.EventFiringWebDriver.getScreenshotAs(EventFiringWebDriver.java:302)
at com.crm.qa.util.TestUtil.takeScreenshotAtEndOfTest(TestUtil.java:44)
at com.crm.qa.util.WebEventListener.onException(WebEventListener.java:65)
at sun.reflect.GeneratedMethodAccessor1.invoke(Unknown Source)
at sun.reflect.DelegatingMethodAccessorImpl.invoke(DelegatingMethodAccessorImpl.java:43)
at java.lang.reflect.Method.invoke(Method.java:498)
at org.openqa.selenium.support.events.EventFiringWebDriver.lambda$new$0(EventFiringWebDriver.java:84)
at com.sun.proxy.$Proxy7.onException(Unknown Source)
at org.openqa.selenium.support.events.EventFiringWebDriver.lambda$new$1(EventFiringWebDriver.java:107)
at com.sun.proxy.$Proxy8.getScreenshotAs(Unknown Source)
at org.openqa.selenium.support.events.EventFiringWebDriver.getScreenshotAs(EventFiringWebDriver.java:302)
at com.crm.qa.util.TestUtil.takeScreenshotAtEndOfTest(TestUtil.java:44)
at com.crm.qa.util.WebEventListener.onException(WebEventListener.java:65)
at sun.reflect.GeneratedMethodAccessor1.invoke(Unknown Source)
at sun.reflect.DelegatingMethodAccessorImpl.invoke(DelegatingMethodAccessorImpl.java:43)
at java.lang.reflect.Method.invoke(Method.java:498)
at org.openqa.selenium.support.events.EventFiringWebDriver.lambda$new$0(EventFiringWebDriver.java:84)
at com.sun.proxy.$Proxy7.onException(Unknown Source)
at org.openqa.selenium.support.events.EventFiringWebDriver.lambda$new$1(EventFiringWebDriver.java:107)
at com.sun.proxy.$Proxy8.getScreenshotAs(Unknown Source)
at org.openqa.selenium.support.events.EventFiringWebDriver.getScreenshotAs(EventFiringWebDriver.java:302)
at com.crm.qa.util.TestUtil.takeScreenshotAtEndOfTest(TestUtil.java:44)
at com.crm.qa.util.WebEventListener.onException(WebEventListener.java:65)
at sun.reflect.GeneratedMethodAccessor1.invoke(Unknown Source)
at sun.reflect.DelegatingMethodAccessorImpl.invoke(DelegatingMethodAccessorImpl.java:43)
at java.lang.reflect.Method.invoke(Method.java:498)
at org.openqa.selenium.support.events.EventFiringWebDriver.lambda$new$0(EventFiringWebDriver.java:84)
at com.sun.proxy.$Proxy7.onException(Unknown Source)
at org.openqa.selenium.support.events.EventFiringWebDriver.lambda$new$1(EventFiringWebDriver.java:107)
at com.sun.proxy.$Proxy8.getScreenshotAs(Unknown Source)
at org.openqa.selenium.support.events.EventFiringWebDriver.getScreenshotAs(EventFiringWebDriver.java:302)
at com.crm.qa.util.TestUtil.takeScreenshotAtEndOfTest(TestUtil.java:44)
at com.crm.qa.util.WebEventListener.onException(WebEventListener.java:65)
at sun.reflect.GeneratedMethodAccessor1.invoke(Unknown Source)
at sun.reflect.DelegatingMethodAccessorImpl.invoke(DelegatingMethodAccessorImpl.java:43)
at java.lang.reflect.Method.invoke(Method.java:498)
at org.openqa.selenium.support.events.EventFiringWebDriver.lambda$new$0(EventFiringWebDriver.java:84)
at com.sun.proxy.$Proxy7.onException(Unknown Source)
at org.openqa.selenium.support.events.EventFiringWebDriver.lambda$new$1(EventFiringWebDriver.java:107)
at com.sun.proxy.$Proxy8.getScreenshotAs(Unknown Source)
at org.openqa.selenium.support.events.EventFiringWebDriver.getScreenshotAs(EventFiringWebDriver.java:302)
at com.crm.qa.util.TestUtil.takeScreenshotAtEndOfTest(TestUtil.java:44)
at com.crm.qa.util.WebEventListener.onException(WebEventListener.java:65)
at sun.reflect.GeneratedMethodAccessor1.invoke(Unknown Source)
at sun.reflect.DelegatingMethodAccessorImpl.invoke(DelegatingMethodAccessorImpl.java:43)
at java.lang.reflect.Method.invoke(Method.java:498)
at org.openqa.selenium.support.events.EventFiringWebDriver.lambda$new$0(EventFiringWebDriver.java:84)
at com.sun.proxy.$Proxy7.onException(Unknown Source)
at org.openqa.selenium.support.events.EventFiringWebDriver.lambda$new$1(EventFiringWebDriver.java:107)
at com.sun.proxy.$Proxy8.getScreenshotAs(Unknown Source)
at org.openqa.selenium.support.events.EventFiringWebDriver.getScreenshotAs(EventFiringWebDriver.java:302)
at com.crm.qa.util.TestUtil.takeScreenshotAtEndOfTest(TestUtil.java:44)
at com.crm.qa.util.WebEventListener.onException(WebEventListener.java:65)
at sun.reflect.GeneratedMethodAccessor1.invoke(Unknown Source)
at sun.reflect.DelegatingMethodAccessorImpl.invoke(DelegatingMethodAccessorImpl.java:43)
at java.lang.reflect.Method.invoke(Method.java:498)
at org.openqa.selenium.support.events.EventFiringWebDriver.lambda$new$0(EventFiringWebDriver.java:84)
at com.sun.proxy.$Proxy7.onException(Unknown Source)
at org.openqa.selenium.support.events.EventFiringWebDriver.lambda$new$1(EventFiringWebDriver.java:107)
at com.sun.proxy.$Proxy8.getScreenshotAs(Unknown Source)
at org.openqa.selenium.support.events.EventFiringWebDriver.getScreenshotAs(EventFiringWebDriver.java:302)
at com.crm.qa.util.TestUtil.takeScreenshotAtEndOfTest(TestUtil.java:44)
at com.crm.qa.util.WebEventListener.onException(WebEventListener.java:65)
at sun.reflect.GeneratedMethodAccessor1.invoke(Unknown Source)
at sun.reflect.DelegatingMethodAccessorImpl.invoke(DelegatingMethodAccessorImpl.java:43)
at java.lang.reflect.Method.invoke(Method.java:498)
at org.openqa.selenium.support.events.EventFiringWebDriver.lambda$new$0(EventFiringWebDriver.java:84)
at com.sun.proxy.$Proxy7.onException(Unknown Source)
at org.openqa.selenium.support.events.EventFiringWebDriver.lambda$new$1(EventFiringWebDriver.java:107)
at com.sun.proxy.$Proxy8.getScreenshotAs(Unknown Source)
at org.openqa.selenium.support.events.EventFiringWebDriver.getScreenshotAs(EventFiringWebDriver.java:302)
at com.crm.qa.util.TestUtil.takeScreenshotAtEndOfTest(TestUtil.java:44)
at com.crm.qa.util.WebEventListener.onException(WebEventListener.java:65)
at sun.reflect.GeneratedMethodAccessor1.invoke(Unknown Source)
at sun.reflect.DelegatingMethodAccessorImpl.invoke(DelegatingMethodAccessorImpl.java:43)
at java.lang.reflect.Method.invoke(Method.java:498)
at org.openqa.selenium.support.events.EventFiringWebDriver.lambda$new$0(EventFiringWebDriver.java:84)
at com.sun.proxy.$Proxy7.onException(Unknown Source)
at org.openqa.selenium.support.events.EventFiringWebDriver.lambda$new$1(EventFiringWebDriver.java:107)
at com.sun.proxy.$Proxy8.getScreenshotAs(Unknown Source)
at org.openqa.selenium.support.events.EventFiringWebDriver.getScreenshotAs(EventFiringWebDriver.java:302)
at com.crm.qa.util.TestUtil.takeScreenshotAtEndOfTest(TestUtil.java:44)
at com.crm.qa.util.WebEventListener.onException(WebEventListener.java:65)
at sun.reflect.GeneratedMethodAccessor1.invoke(Unknown Source)
at sun.reflect.DelegatingMethodAccessorImpl.invoke(DelegatingMethodAccessorImpl.java:43)
at java.lang.reflect.Method.invoke(Method.java:498)
at org.openqa.selenium.support.events.EventFiringWebDriver.lambda$new$0(EventFiringWebDriver.java:84)
at com.sun.proxy.$Proxy7.onException(Unknown Source)
at org.openqa.selenium.support.events.EventFiringWebDriver.lambda$new$1(EventFiringWebDriver.java:107)
at com.sun.proxy.$Proxy8.getScreenshotAs(Unknown Source)
at org.openqa.selenium.support.events.EventFiringWebDriver.getScreenshotAs(EventFiringWebDriver.java:302)
at com.crm.qa.util.TestUtil.takeScreenshotAtEndOfTest(TestUtil.java:44)
at com.crm.qa.util.WebEventListener.onException(WebEventListener.java:65)
at sun.reflect.GeneratedMethodAccessor1.invoke(Unknown Source)
at sun.reflect.DelegatingMethodAccessorImpl.invoke(DelegatingMethodAccessorImpl.java:43)
at java.lang.reflect.Method.invoke(Method.java:498)
at org.openqa.selenium.support.events.EventFiringWebDriver.lambda$new$0(EventFiringWebDriver.java:84)
at com.sun.proxy.$Proxy7.onException(Unknown Source)
at org.openqa.selenium.support.events.EventFiringWebDriver.lambda$new$1(EventFiringWebDriver.java:107)
at com.sun.proxy.$Proxy8.getScreenshotAs(Unknown Source)
at org.openqa.selenium.support.events.EventFiringWebDriver.getScreenshotAs(EventFiringWebDriver.java:302)
at com.crm.qa.util.TestUtil.takeScreenshotAtEndOfTest(TestUtil.java:44)
at com.crm.qa.util.WebEventListener.onException(WebEventListener.java:65)
at sun.reflect.GeneratedMethodAccessor1.invoke(Unknown Source)
at sun.reflect.DelegatingMethodAccessorImpl.invoke(DelegatingMethodAccessorImpl.java:43)
at java.lang.reflect.Method.invoke(Method.java:498)
at org.openqa.selenium.support.events.EventFiringWebDriver.lambda$new$0(EventFiringWebDriver.java:84)
at com.sun.proxy.$Proxy7.onException(Unknown Source)
at org.openqa.selenium.support.events.EventFiringWebDriver.lambda$new$1(EventFiringWebDriver.java:107)
at com.sun.proxy.$Proxy8.getScreenshotAs(Unknown Source)
at org.openqa.selenium.support.events.EventFiringWebDriver.getScreenshotAs(EventFiringWebDriver.java:302)
at com.crm.qa.util.TestUtil.takeScreenshotAtEndOfTest(TestUtil.java:44)
at com.crm.qa.util.WebEventListener.onException(WebEventListener.java:65)
at sun.reflect.GeneratedMethodAccessor1.invoke(Unknown Source)
at sun.reflect.DelegatingMethodAccessorImpl.invoke(DelegatingMethodAccessorImpl.java:43)
at java.lang.reflect.Method.invoke(Method.java:498)
at org.openqa.selenium.support.events.EventFiringWebDriver.lambda$new$0(EventFiringWebDriver.java:84)
at com.sun.proxy.$Proxy7.onException(Unknown Source)
at org.openqa.selenium.support.events.EventFiringWebDriver.lambda$new$1(EventFiringWebDriver.java:107)
at com.sun.proxy.$Proxy8.getScreenshotAs(Unknown Source)
at org.openqa.selenium.support.events.EventFiringWebDriver.getScreenshotAs(EventFiringWebDriver.java:302)
at com.crm.qa.util.TestUtil.takeScreenshotAtEndOfTest(TestUtil.java:44)
at com.crm.qa.util.WebEventListener.onException(WebEventListener.java:65)
at sun.reflect.GeneratedMethodAccessor1.invoke(Unknown Source)
at sun.reflect.DelegatingMethodAccessorImpl.invoke(DelegatingMethodAccessorImpl.java:43)
at java.lang.reflect.Method.invoke(Method.java:498)
at org.openqa.selenium.support.events.EventFiringWebDriver.lambda$new$0(EventFiringWebDriver.java:84)
at com.sun.proxy.$Proxy7.onException(Unknown Source)
at org.openqa.selenium.support.events.EventFiringWebDriver.lambda$new$1(EventFiringWebDriver.java:107)
at com.sun.proxy.$Proxy8.getScreenshotAs(Unknown Source)
at org.openqa.selenium.support.events.EventFiringWebDriver.getScreenshotAs(EventFiringWebDriver.java:302)
at com.crm.qa.util.TestUtil.takeScreenshotAtEndOfTest(TestUtil.java:44)
at com.crm.qa.util.WebEventListener.onException(WebEventListener.java:65)
at sun.reflect.GeneratedMethodAccessor1.invoke(Unknown Source)
at sun.reflect.DelegatingMethodAccessorImpl.invoke(DelegatingMethodAccessorImpl.java:43)
at java.lang.reflect.Method.invoke(Method.java:498)
at org.openqa.selenium.support.events.EventFiringWebDriver.lambda$new$0(EventFiringWebDriver.java:84)
at com.sun.proxy.$Proxy7.onException(Unknown Source)
at org.openqa.selenium.support.events.EventFiringWebDriver.lambda$new$1(EventFiringWebDriver.java:107)
at com.sun.proxy.$Proxy8.getScreenshotAs(Unknown Source)
at org.openqa.selenium.support.events.EventFiringWebDriver.getScreenshotAs(EventFiringWebDriver.java:302)
at com.crm.qa.util.TestUtil.takeScreenshotAtEndOfTest(TestUtil.java:44)
at com.crm.qa.util.WebEventListener.onException(WebEventListener.java:65)
at sun.reflect.GeneratedMethodAccessor1.invoke(Unknown Source)
at sun.reflect.DelegatingMethodAccessorImpl.invoke(DelegatingMethodAccessorImpl.java:43)
at java.lang.reflect.Method.invoke(Method.java:498)
at org.openqa.selenium.support.events.EventFiringWebDriver.lambda$new$0(EventFiringWebDriver.java:84)
at com.sun.proxy.$Proxy7.onException(Unknown Source)
at org.openqa.selenium.support.events.EventFiringWebDriver.lambda$new$1(EventFiringWebDriver.java:107)
at com.sun.proxy.$Proxy8.getScreenshotAs(Unknown Source)
at org.openqa.selenium.support.events.EventFiringWebDriver.getScreenshotAs(EventFiringWebDriver.java:302)
at com.crm.qa.util.TestUtil.takeScreenshotAtEndOfTest(TestUtil.java:44)
at com.crm.qa.util.WebEventListener.onException(WebEventListener.java:65)
at sun.reflect.GeneratedMethodAccessor1.invoke(Unknown Source)
at sun.reflect.DelegatingMethodAccessorImpl.invoke(DelegatingMethodAccessorImpl.java:43)
at java.lang.reflect.Method.invoke(Method.java:498)
at org.openqa.selenium.support.events.EventFiringWebDriver.lambda$new$0(EventFiringWebDriver.java:84)
at com.sun.proxy.$Proxy7.onException(Unknown Source)
at org.openqa.selenium.support.events.EventFiringWebDriver.lambda$new$1(EventFiringWebDriver.java:107)
at com.sun.proxy.$Proxy8.getScreenshotAs(Unknown Source)
at org.openqa.selenium.support.events.EventFiringWebDriver.getScreenshotAs(EventFiringWebDriver.java:302)
at com.crm.qa.util.TestUtil.takeScreenshotAtEndOfTest(TestUtil.java:44)
at com.crm.qa.util.WebEventListener.onException(WebEventListener.java:65)
at sun.reflect.GeneratedMethodAccessor1.invoke(Unknown Source)
at sun.reflect.DelegatingMethodAccessorImpl.invoke(DelegatingMethodAccessorImpl.java:43)
at java.lang.reflect.Method.invoke(Method.java:498)
at org.openqa.selenium.support.events.EventFiringWebDriver.lambda$new$0(EventFiringWebDriver.java:84)
at com.sun.proxy.$Proxy7.onException(Unknown Source)
at org.openqa.selenium.support.events.EventFiringWebDriver.lambda$new$1(EventFiringWebDriver.java:107)
at com.sun.proxy.$Proxy8.getScreenshotAs(Unknown Source)
at org.openqa.selenium.support.events.EventFiringWebDriver.getScreenshotAs(EventFiringWebDriver.java:302)
at com.crm.qa.util.TestUtil.takeScreenshotAtEndOfTest(TestUtil.java:44)
at com.crm.qa.util.WebEventListener.onException(WebEventListener.java:65)
at sun.reflect.GeneratedMethodAccessor1.invoke(Unknown Source)
at sun.reflect.DelegatingMethodAccessorImpl.invoke(DelegatingMethodAccessorImpl.java:43)
at java.lang.reflect.Method.invoke(Method.java:498)
at org.openqa.selenium.support.events.EventFiringWebDriver.lambda$new$0(EventFiringWebDriver.java:84)
at com.sun.proxy.$Proxy7.onException(Unknown Source)
at org.openqa.selenium.support.events.EventFiringWebDriver.lambda$new$1(EventFiringWebDriver.java:107)
at com.sun.proxy.$Proxy8.getScreenshotAs(Unknown Source)
at org.openqa.selenium.support.events.EventFiringWebDriver.getScreenshotAs(EventFiringWebDriver.java:302)
at com.crm.qa.util.TestUtil.takeScreenshotAtEndOfTest(TestUtil.java:44)
at com.crm.qa.util.WebEventListener.onException(WebEventListener.java:65)
at sun.reflect.GeneratedMethodAccessor1.invoke(Unknown Source)
at sun.reflect.DelegatingMethodAccessorImpl.invoke(DelegatingMethodAccessorImpl.java:43)
at java.lang.reflect.Method.invoke(Method.java:498)
at org.openqa.selenium.support.events.EventFiringWebDriver.lambda$new$0(EventFiringWebDriver.java:84)
at com.sun.proxy.$Proxy7.onException(Unknown Source)
at org.openqa.selenium.support.events.EventFiringWebDriver.lambda$new$1(EventFiringWebDriver.java:107)
at com.sun.proxy.$Proxy8.getScreenshotAs(Unknown Source)
at org.openqa.selenium.support.events.EventFiringWebDriver.getScreenshotAs(EventFiringWebDriver.java:302)
at com.crm.qa.util.TestUtil.takeScreenshotAtEndOfTest(TestUtil.java:44)
at com.crm.qa.util.WebEventListener.onException(WebEventListener.java:65)
at sun.reflect.GeneratedMethodAccessor1.invoke(Unknown Source)
at sun.reflect.DelegatingMethodAccessorImpl.invoke(DelegatingMethodAccessorImpl.java:43)
at java.lang.reflect.Method.invoke(Method.java:498)
at org.openqa.selenium.support.events.EventFiringWebDriver.lambda$new$0(EventFiringWebDriver.java:84)
at com.sun.proxy.$Proxy7.onException(Unknown Source)
at org.openqa.selenium.support.events.EventFiringWebDriver.lambda$new$1(EventFiringWebDriver.java:107)
at com.sun.proxy.$Proxy8.getScreenshotAs(Unknown Source)
at org.openqa.selenium.support.events.EventFiringWebDriver.getScreenshotAs(EventFiringWebDriver.java:302)
at com.crm.qa.util.TestUtil.takeScreenshotAtEndOfTest(TestUtil.java:44)
at com.crm.qa.util.WebEventListener.onException(WebEventListener.java:65)
at sun.reflect.GeneratedMethodAccessor1.invoke(Unknown Source)
at sun.reflect.DelegatingMethodAccessorImpl.invoke(DelegatingMethodAccessorImpl.java:43)
at java.lang.reflect.Method.invoke(Method.java:498)
at org.openqa.selenium.support.events.EventFiringWebDriver.lambda$new$0(EventFiringWebDriver.java:84)
at com.sun.proxy.$Proxy7.onException(Unknown Source)
at org.openqa.selenium.support.events.EventFiringWebDriver.lambda$new$1(EventFiringWebDriver.java:107)
at com.sun.proxy.$Proxy8.getScreenshotAs(Unknown Source)
at org.openqa.selenium.support.events.EventFiringWebDriver.getScreenshotAs(EventFiringWebDriver.java:302)
at com.crm.qa.util.TestUtil.takeScreenshotAtEndOfTest(TestUtil.java:44)
at com.crm.qa.util.WebEventListener.onException(WebEventListener.java:65)
at sun.reflect.GeneratedMethodAccessor1.invoke(Unknown Source)
at sun.reflect.DelegatingMethodAccessorImpl.invoke(DelegatingMethodAccessorImpl.java:43)
at java.lang.reflect.Method.invoke(Method.java:498)
at org.openqa.selenium.support.events.EventFiringWebDriver.lambda$new$0(EventFiringWebDriver.java:84)
at com.sun.proxy.$Proxy7.onException(Unknown Source)
at org.openqa.selenium.support.events.EventFiringWebDriver.lambda$new$1(EventFiringWebDriver.java:107)
at com.sun.proxy.$Proxy8.getScreenshotAs(Unknown Source)
at org.openqa.selenium.support.events.EventFiringWebDriver.getScreenshotAs(EventFiringWebDriver.java:302)
at com.crm.qa.util.TestUtil.takeScreenshotAtEndOfTest(TestUtil.java:44)
at com.crm.qa.util.WebEventListener.onException(WebEventListener.java:65)
at sun.reflect.GeneratedMethodAccessor1.invoke(Unknown Source)
at sun.reflect.DelegatingMethodAccessorImpl.invoke(DelegatingMethodAccessorImpl.java:43)
at java.lang.reflect.Method.invoke(Method.java:498)
at org.openqa.selenium.support.events.EventFiringWebDriver.lambda$new$0(EventFiringWebDriver.java:84)
at com.sun.proxy.$Proxy7.onException(Unknown Source)
at org.openqa.selenium.support.events.EventFiringWebDriver.lambda$new$1(EventFiringWebDriver.java:107)
at com.sun.proxy.$Proxy8.getScreenshotAs(Unknown Source)
at org.openqa.selenium.support.events.EventFiringWebDriver.getScreenshotAs(EventFiringWebDriver.java:302)
at com.crm.qa.util.TestUtil.takeScreenshotAtEndOfTest(TestUtil.java:44)
at com.crm.qa.util.WebEventListener.onException(WebEventListener.java:65)
at sun.reflect.GeneratedMethodAccessor1.invoke(Unknown Source)
at sun.reflect.DelegatingMethodAccessorImpl.invoke(DelegatingMethodAccessorImpl.java:43)
at java.lang.reflect.Method.invoke(Method.java:498)
at org.openqa.selenium.support.events.EventFiringWebDriver.lambda$new$0(EventFiringWebDriver.java:84)
at com.sun.proxy.$Proxy7.onException(Unknown Source)
at org.openqa.selenium.support.events.EventFiringWebDriver.lambda$new$1(EventFiringWebDriver.java:107)
at com.sun.proxy.$Proxy8.getScreenshotAs(Unknown Source)
at org.openqa.selenium.support.events.EventFiringWebDriver.getScreenshotAs(EventFiringWebDriver.java:302)
at com.crm.qa.util.TestUtil.takeScreenshotAtEndOfTest(TestUtil.java:44)
at com.crm.qa.util.WebEventListener.onException(WebEventListener.java:65)
at sun.reflect.GeneratedMethodAccessor1.invoke(Unknown Source)
at sun.reflect.DelegatingMethodAccessorImpl.invoke(DelegatingMethodAccessorImpl.java:43)
at java.lang.reflect.Method.invoke(Method.java:498)
at org.openqa.selenium.support.events.EventFiringWebDriver.lambda$new$0(EventFiringWebDriver.java:84)
at com.sun.proxy.$Proxy7.onException(Unknown Source)
at org.openqa.selenium.support.events.EventFiringWebDriver.lambda$new$1(EventFiringWebDriver.java:107)
at com.sun.proxy.$Proxy8.getScreenshotAs(Unknown Source)
at org.openqa.selenium.support.events.EventFiringWebDriver.getScreenshotAs(EventFiringWebDriver.java:302)
at com.crm.qa.util.TestUtil.takeScreenshotAtEndOfTest(TestUtil.java:44)
at com.crm.qa.util.WebEventListener.onException(WebEventListener.java:65)
at sun.reflect.GeneratedMethodAccessor1.invoke(Unknown Source)
at sun.reflect.DelegatingMethodAccessorImpl.invoke(DelegatingMethodAccessorImpl.java:43)
at java.lang.reflect.Method.invoke(Method.java:498)
at org.openqa.selenium.support.events.EventFiringWebDriver.lambda$new$0(EventFiringWebDriver.java:84)
at com.sun.proxy.$Proxy7.onException(Unknown Source)
at org.openqa.selenium.support.events.EventFiringWebDriver.lambda$new$1(EventFiringWebDriver.java:107)
at com.sun.proxy.$Proxy8.getScreenshotAs(Unknown Source)
at org.openqa.selenium.support.events.EventFiringWebDriver.getScreenshotAs(EventFiringWebDriver.java:302)
at com.crm.qa.util.TestUtil.takeScreenshotAtEndOfTest(TestUtil.java:44)
at com.crm.qa.util.WebEventListener.onException(WebEventListener.java:65)
at sun.reflect.GeneratedMethodAccessor1.invoke(Unknown Source)
at sun.reflect.DelegatingMethodAccessorImpl.invoke(DelegatingMethodAccessorImpl.java:43)
at java.lang.reflect.Method.invoke(Method.java:498)
at org.openqa.selenium.support.events.EventFiringWebDriver.lambda$new$0(EventFiringWebDriver.java:84)
at com.sun.proxy.$Proxy7.onException(Unknown Source)
]]>
    </error>
  </testcase> <!-- setup -->
  <system-out/>
  <testcase name="verifyContactsPageTest" time="0.000" classname="com.crm.qa.testcases.ContactsPageTest">
    <skipped/>
  </testcase> <!-- verifyContactsPageTest -->
  <system-out/>
  <testcase name="clickOnContactsTest" time="0.000" classname="com.crm.qa.testcases.ContactsPageTest">
    <skipped/>
  </testcase> <!-- clickOnContactsTest -->
  <system-out/>
  <testcase name="createNewContactTest" time="0.000" classname="com.crm.qa.testcases.ContactsPageTest">
    <skipped/>
  </testcase> <!-- createNewContactTest -->
  <system-out/>
  <testcase name="createNewContactTest" time="0.000" classname="com.crm.qa.testcases.ContactsPageTest">
    <skipped/>
  </testcase> <!-- createNewContactTest -->
  <system-out/>
  <testcase name="createNewContactTest" time="0.000" classname="com.crm.qa.testcases.ContactsPageTest">
    <skipped/>
  </testcase> <!-- createNewContactTest -->
  <system-out/>
</testsuite> <!-- com.crm.qa.testcases.ContactsPageTest -->
