<?xml version="1.0" encoding="UTF-8"?>
<!-- Generated by org.testng.reporters.JUnitReportReporter -->
<testsuite skipped="0" hostname="DESKTOP-63F488G" name="com.crm.qa.testcases.ContactsPageTest" tests="3" failures="0" timestamp="2020-03-27T18:51:45 IST" time="70.622" errors="0">
  <testcase name="createNewContactTest" time="22.561" classname="com.crm.qa.testcases.ContactsPageTest"/>
  <system-out/>
  <testcase name="createNewContactTest" time="25.483" classname="com.crm.qa.testcases.ContactsPageTest"/>
  <system-out/>
  <testcase name="createNewContactTest" time="22.578" classname="com.crm.qa.testcases.ContactsPageTest"/>
  <system-out/>
</testsuite> <!-- com.crm.qa.testcases.ContactsPageTest -->
