<?xml version="1.0" encoding="UTF-8"?>
<!-- Generated by org.testng.reporters.JUnitReportReporter -->
<testsuite skipped="0" hostname="DESKTOP-63F488G" name="com.crm.qa.testcases.LoginPageTest" tests="3" failures="0" timestamp="2020-03-29T00:07:46 IST" time="101.318" errors="0">
  <testcase name="LoginPageTitleTest" time="26.611" classname="com.crm.qa.testcases.LoginPageTest"/>
  <system-out/>
  <testcase name="CRMLogoTest" time="24.387" classname="com.crm.qa.testcases.LoginPageTest"/>
  <system-out/>
  <testcase name="loginTest" time="50.320" classname="com.crm.qa.testcases.LoginPageTest"/>
  <system-out/>
</testsuite> <!-- com.crm.qa.testcases.LoginPageTest -->
