<?xml version="1.0" encoding="UTF-8"?>
<!-- Generated by org.testng.reporters.JUnitReportReporter -->
<testsuite skipped="0" hostname="DESKTOP-63F488G" name="com.crm.qa.testcases.HomePageTest" tests="4" failures="0" timestamp="2020-03-26T15:00:14 IST" time="169.507" errors="0">
  <testcase name="verifyHomePageTitleTest" time="34.633" classname="com.crm.qa.testcases.HomePageTest"/>
  <system-out/>
  <testcase name="verifyUserNameTest" time="28.010" classname="com.crm.qa.testcases.HomePageTest"/>
  <system-out/>
  <testcase name="clickOnContactsTest" time="54.326" classname="com.crm.qa.testcases.HomePageTest"/>
  <system-out/>
  <testcase name="clicksOnDeals" time="52.538" classname="com.crm.qa.testcases.HomePageTest"/>
  <system-out/>
</testsuite> <!-- com.crm.qa.testcases.HomePageTest -->
