<?xml version="1.0" encoding="UTF-8"?>
<!-- Generated by org.testng.reporters.JUnitReportReporter -->
<testsuite skipped="0" hostname="DESKTOP-63F488G" name="com.crm.qa.testcases.LoginPageTest" tests="3" failures="0" timestamp="2020-04-14T12:29:45 IST" time="99.868" errors="0">
  <testcase name="LoginPageTitleTest" time="23.002" classname="com.crm.qa.testcases.LoginPageTest"/>
  <system-out/>
  <testcase name="CRMLogoTest" time="27.652" classname="com.crm.qa.testcases.LoginPageTest"/>
  <system-out/>
  <testcase name="loginTest" time="49.214" classname="com.crm.qa.testcases.LoginPageTest"/>
  <system-out/>
</testsuite> <!-- com.crm.qa.testcases.LoginPageTest -->
