<?xml version="1.0" encoding="UTF-8"?>
<!-- Generated by org.testng.reporters.JUnitReportReporter -->
<testsuite skipped="0" hostname="DESKTOP-63F488G" name="com.crm.qa.testcases.LoginPageTest" tests="3" failures="0" timestamp="2020-03-24T01:28:51 IST" time="45.099" errors="0">
  <testcase name="LoginPageTitleTest" time="10.292" classname="com.crm.qa.testcases.LoginPageTest"/>
  <system-out/>
  <testcase name="CRMLogoTest" time="12.338" classname="com.crm.qa.testcases.LoginPageTest"/>
  <system-out/>
  <testcase name="loginTest" time="22.469" classname="com.crm.qa.testcases.LoginPageTest"/>
  <system-out/>
</testsuite> <!-- com.crm.qa.testcases.LoginPageTest -->
